{"numFailedTestSuites":31,"numFailedTests":36,"numPassedTestSuites":0,"numPassedTests":0,"numPendingTestSuites":0,"numPendingTests":0,"numRuntimeErrorTestSuites":28,"numTodoTests":0,"numTotalTestSuites":31,"numTotalTests":36,"openHandles":[],"snapshot":{"added":0,"didUpdate":false,"failure":false,"filesAdded":0,"filesRemoved":0,"filesRemovedList":[],"filesUnmatched":0,"filesUpdated":0,"matched":0,"total":0,"unchecked":0,"uncheckedKeysByFile":[],"unmatched":0,"updated":0},"startTime":1771317239903,"success":false,"testResults":[{"assertionResults":[],"coverage":{},"endTime":1771317257616,"message":"  ● Test suite failed to run\n\n    Cannot find module '@testing-library/jest-dom' from 'apps/customer-app/src/components/common/__tests__/Card.test.tsx'\n\n      1 | import { render, screen } from '@testing-library/react';\n    > 2 | import '@testing-library/jest-dom';\n        | ^\n      3 |\n      4 | /**\n      5 |  * Card Component Tests\n\n      at Resolver._throwModNotFoundError (node_modules/.pnpm/jest-resolve@29.7.0/node_modules/jest-resolve/build/resolver.js:427:11)\n      at Object.<anonymous> (apps/customer-app/src/components/common/__tests__/Card.test.tsx:2:1)\n","name":"/Users/arpan1.mukherjee/code/FoodBot/apps/customer-app/src/components/common/__tests__/Card.test.tsx","startTime":1771317257616,"status":"failed","summary":""},{"assertionResults":[],"coverage":{},"endTime":1771317257616,"message":"  ● Test suite failed to run\n\n    Cannot find module 'react/jsx-runtime' from 'apps/customer-app/src/components/common/__tests__/Button.test.tsx'\n\n      1 | import { render, screen, fireEvent } from '@testing-library/react';\n      2 | import '@testing-library/jest-dom';\n    > 3 |\n        | ^\n      4 | /**\n      5 |  * Button Component Tests\n      6 |  *\n\n      at Resolver._throwModNotFoundError (node_modules/.pnpm/jest-resolve@29.7.0/node_modules/jest-resolve/build/resolver.js:427:11)\n      at Object.<anonymous> (apps/customer-app/src/components/common/__tests__/Button.test.tsx:3:23)\n","name":"/Users/arpan1.mukherjee/code/FoodBot/apps/customer-app/src/components/common/__tests__/Button.test.tsx","startTime":1771317257616,"status":"failed","summary":""},{"assertionResults":[],"coverage":{},"endTime":1771317257616,"message":"  ● Test suite failed to run\n\n    Cannot find module 'react/jsx-runtime' from 'apps/customer-app/src/components/Restaurant/__tests__/RestaurantCard.test.tsx'\n\n      1 | import { render, screen, fireEvent } from '@testing-library/react';\n      2 | import '@testing-library/jest-dom';\n    > 3 | import { renderWithProviders } from '../../../test/utils/renderWithProviders';\n        |                       ^\n      4 | import { mockRestaurant, mockClosedRestaurant, mockHighlyRatedRestaurant } from '../../../test/factories/restaurant.factory';\n      5 |\n      6 | /**\n\n      at Resolver._throwModNotFoundError (node_modules/.pnpm/jest-resolve@29.7.0/node_modules/jest-resolve/build/resolver.js:427:11)\n      at Object.<anonymous> (apps/customer-app/src/components/Restaurant/__tests__/RestaurantCard.test.tsx:3:23)\n","name":"/Users/arpan1.mukherjee/code/FoodBot/apps/customer-app/src/components/Restaurant/__tests__/RestaurantCard.test.tsx","startTime":1771317257616,"status":"failed","summary":""},{"assertionResults":[],"coverage":{},"endTime":1771317257616,"message":"  ● Test suite failed to run\n\n    Cannot find module 'react/jsx-runtime' from 'apps/customer-app/src/components/common/__tests__/Input.test.tsx'\n\n      2 | import userEvent from '@testing-library/user-event';\n      3 | import '@testing-library/jest-dom';\n    > 4 |\n        | ^\n      5 | /**\n      6 |  * Input Component Tests\n      7 |  *\n\n      at Resolver._throwModNotFoundError (node_modules/.pnpm/jest-resolve@29.7.0/node_modules/jest-resolve/build/resolver.js:427:11)\n      at Object.<anonymous> (apps/customer-app/src/components/common/__tests__/Input.test.tsx:4:23)\n","name":"/Users/arpan1.mukherjee/code/FoodBot/apps/customer-app/src/components/common/__tests__/Input.test.tsx","startTime":1771317257616,"status":"failed","summary":""},{"assertionResults":[],"coverage":{},"endTime":1771317257616,"message":"  ● Test suite failed to run\n\n    Cannot find module 'react/jsx-runtime' from 'apps/customer-app/src/components/Chat/__tests__/ChatInterface.test.tsx'\n\n      2 | import userEvent from '@testing-library/user-event';\n      3 | import '@testing-library/jest-dom';\n    > 4 | import { renderWithProviders } from '../../../test/utils/renderWithProviders';\n        |                       ^\n      5 | import { mockMessages, mockMessageWithCards } from '../../../test/factories/message.factory';\n      6 |\n      7 | /**\n\n      at Resolver._throwModNotFoundError (node_modules/.pnpm/jest-resolve@29.7.0/node_modules/jest-resolve/build/resolver.js:427:11)\n      at Object.<anonymous> (apps/customer-app/src/components/Chat/__tests__/ChatInterface.test.tsx:4:23)\n","name":"/Users/arpan1.mukherjee/code/FoodBot/apps/customer-app/src/components/Chat/__tests__/ChatInterface.test.tsx","startTime":1771317257616,"status":"failed","summary":""},{"assertionResults":[],"coverage":{},"endTime":1771317257616,"message":"  ● Test suite failed to run\n\n    Cannot find module '@testing-library/jest-dom' from 'apps/customer-app/src/components/Chat/__tests__/MessageCard.test.tsx'\n\n      1 | import { render, screen } from '@testing-library/react';\n    > 2 | import '@testing-library/jest-dom';\n        | ^\n      3 | import { mockMessageWithCards } from '../../../test/factories/message.factory';\n      4 |\n      5 | /**\n\n      at Resolver._throwModNotFoundError (node_modules/.pnpm/jest-resolve@29.7.0/node_modules/jest-resolve/build/resolver.js:427:11)\n      at Object.<anonymous> (apps/customer-app/src/components/Chat/__tests__/MessageCard.test.tsx:2:1)\n","name":"/Users/arpan1.mukherjee/code/FoodBot/apps/customer-app/src/components/Chat/__tests__/MessageCard.test.tsx","startTime":1771317257616,"status":"failed","summary":""},{"assertionResults":[],"coverage":{},"endTime":1771317257616,"message":"  ● Test suite failed to run\n\n    Cannot find module '@testing-library/jest-dom' from 'apps/customer-app/src/components/Restaurant/__tests__/RestaurantList.test.tsx'\n\n      1 | import { render } from '@testing-library/react';\n    > 2 | import '@testing-library/jest-dom';\n        | ^\n      3 | import { mockRestaurants } from '../../../test/factories/restaurant.factory';\n      4 |\n      5 | /**\n\n      at Resolver._throwModNotFoundError (node_modules/.pnpm/jest-resolve@29.7.0/node_modules/jest-resolve/build/resolver.js:427:11)\n      at Object.<anonymous> (apps/customer-app/src/components/Restaurant/__tests__/RestaurantList.test.tsx:2:1)\n","name":"/Users/arpan1.mukherjee/code/FoodBot/apps/customer-app/src/components/Restaurant/__tests__/RestaurantList.test.tsx","startTime":1771317257616,"status":"failed","summary":""},{"assertionResults":[],"coverage":{},"endTime":1771317257616,"message":"  ● Test suite failed to run\n\n    Cannot find module '@testing-library/jest-dom' from 'apps/customer-app/src/components/Chat/__tests__/DynamicForm.test.tsx'\n\n      1 | import { render } from '@testing-library/react';\n    > 2 | import '@testing-library/jest-dom';\n        | ^\n      3 | import { mockMessageWithForm } from '../../../test/factories/message.factory';\n      4 |\n      5 | /**\n\n      at Resolver._throwModNotFoundError (node_modules/.pnpm/jest-resolve@29.7.0/node_modules/jest-resolve/build/resolver.js:427:11)\n      at Object.<anonymous> (apps/customer-app/src/components/Chat/__tests__/DynamicForm.test.tsx:2:1)\n","name":"/Users/arpan1.mukherjee/code/FoodBot/apps/customer-app/src/components/Chat/__tests__/DynamicForm.test.tsx","startTime":1771317257616,"status":"failed","summary":""},{"assertionResults":[],"coverage":{},"endTime":1771317257616,"message":"  ● Test suite failed to run\n\n    Cannot find module '@testing-library/jest-dom' from 'apps/customer-app/src/components/Dish/__tests__/DishDetail.test.tsx'\n\n      1 | import { render } from '@testing-library/react';\n    > 2 | import '@testing-library/jest-dom';\n        | ^\n      3 | import { mockDishWithCustomizations } from '../../../test/factories/dish.factory';\n      4 |\n      5 | /**\n\n      at Resolver._throwModNotFoundError (node_modules/.pnpm/jest-resolve@29.7.0/node_modules/jest-resolve/build/resolver.js:427:11)\n      at Object.<anonymous> (apps/customer-app/src/components/Dish/__tests__/DishDetail.test.tsx:2:1)\n","name":"/Users/arpan1.mukherjee/code/FoodBot/apps/customer-app/src/components/Dish/__tests__/DishDetail.test.tsx","startTime":1771317257616,"status":"failed","summary":""},{"assertionResults":[],"coverage":{},"endTime":1771317257616,"message":"  ● Test suite failed to run\n\n    Cannot find module '@testing-library/jest-dom' from 'apps/customer-app/src/components/Restaurant/__tests__/RestaurantDetail.test.tsx'\n\n      1 | import { render } from '@testing-library/react';\n    > 2 | import '@testing-library/jest-dom';\n        | ^\n      3 | import { mockRestaurant } from '../../../test/factories/restaurant.factory';\n      4 |\n      5 | /**\n\n      at Resolver._throwModNotFoundError (node_modules/.pnpm/jest-resolve@29.7.0/node_modules/jest-resolve/build/resolver.js:427:11)\n      at Object.<anonymous> (apps/customer-app/src/components/Restaurant/__tests__/RestaurantDetail.test.tsx:2:1)\n","name":"/Users/arpan1.mukherjee/code/FoodBot/apps/customer-app/src/components/Restaurant/__tests__/RestaurantDetail.test.tsx","startTime":1771317257616,"status":"failed","summary":""},{"assertionResults":[],"coverage":{},"endTime":1771317257616,"message":"  ● Test suite failed to run\n\n    Cannot find module '@testing-library/jest-dom' from 'apps/customer-app/src/components/Order/__tests__/OrderTracking.test.tsx'\n\n      1 | import { render } from '@testing-library/react';\n    > 2 | import '@testing-library/jest-dom';\n        | ^\n      3 | import { mockOrderWithTracking } from '../../../test/factories/order.factory';\n      4 |\n      5 | /**\n\n      at Resolver._throwModNotFoundError (node_modules/.pnpm/jest-resolve@29.7.0/node_modules/jest-resolve/build/resolver.js:427:11)\n      at Object.<anonymous> (apps/customer-app/src/components/Order/__tests__/OrderTracking.test.tsx:2:1)\n","name":"/Users/arpan1.mukherjee/code/FoodBot/apps/customer-app/src/components/Order/__tests__/OrderTracking.test.tsx","startTime":1771317257616,"status":"failed","summary":""},{"assertionResults":[],"coverage":{},"endTime":1771317257616,"message":"  ● Test suite failed to run\n\n    Cannot find module '@testing-library/jest-dom' from 'apps/customer-app/src/components/Dish/__tests__/DishList.test.tsx'\n\n      1 | import { render } from '@testing-library/react';\n    > 2 | import '@testing-library/jest-dom';\n        | ^\n      3 | import { mockDishes } from '../../../test/factories/dish.factory';\n      4 |\n      5 | /**\n\n      at Resolver._throwModNotFoundError (node_modules/.pnpm/jest-resolve@29.7.0/node_modules/jest-resolve/build/resolver.js:427:11)\n      at Object.<anonymous> (apps/customer-app/src/components/Dish/__tests__/DishList.test.tsx:2:1)\n","name":"/Users/arpan1.mukherjee/code/FoodBot/apps/customer-app/src/components/Dish/__tests__/DishList.test.tsx","startTime":1771317257616,"status":"failed","summary":""},{"assertionResults":[],"coverage":{},"endTime":1771317257616,"message":"  ● Test suite failed to run\n\n    Cannot find module '@testing-library/jest-dom' from 'apps/customer-app/src/components/Dish/__tests__/DishCard.test.tsx'\n\n      1 | import { render } from '@testing-library/react';\n    > 2 | import '@testing-library/jest-dom';\n        | ^\n      3 | import { mockDish } from '../../../test/factories/dish.factory';\n      4 |\n      5 | /**\n\n      at Resolver._throwModNotFoundError (node_modules/.pnpm/jest-resolve@29.7.0/node_modules/jest-resolve/build/resolver.js:427:11)\n      at Object.<anonymous> (apps/customer-app/src/components/Dish/__tests__/DishCard.test.tsx:2:1)\n","name":"/Users/arpan1.mukherjee/code/FoodBot/apps/customer-app/src/components/Dish/__tests__/DishCard.test.tsx","startTime":1771317257616,"status":"failed","summary":""},{"assertionResults":[],"coverage":{},"endTime":1771317257616,"message":"  ● Test suite failed to run\n\n    Cannot find module '@testing-library/jest-dom' from 'apps/customer-app/src/components/Order/__tests__/OrderCard.test.tsx'\n\n      1 | import { render } from '@testing-library/react';\n    > 2 | import '@testing-library/jest-dom';\n        | ^\n      3 | import { mockOrder } from '../../../test/factories/order.factory';\n      4 |\n      5 | /**\n\n      at Resolver._throwModNotFoundError (node_modules/.pnpm/jest-resolve@29.7.0/node_modules/jest-resolve/build/resolver.js:427:11)\n      at Object.<anonymous> (apps/customer-app/src/components/Order/__tests__/OrderCard.test.tsx:2:1)\n","name":"/Users/arpan1.mukherjee/code/FoodBot/apps/customer-app/src/components/Order/__tests__/OrderCard.test.tsx","startTime":1771317257616,"status":"failed","summary":""},{"assertionResults":[],"coverage":{},"endTime":1771317257616,"message":"  ● Test suite failed to run\n\n    Cannot find module '@testing-library/jest-dom' from 'apps/customer-app/src/components/Order/__tests__/OrderList.test.tsx'\n\n      1 | import { render } from '@testing-library/react';\n    > 2 | import '@testing-library/jest-dom';\n        | ^\n      3 | import { mockOrders } from '../../../test/factories/order.factory';\n      4 |\n      5 | /**\n\n      at Resolver._throwModNotFoundError (node_modules/.pnpm/jest-resolve@29.7.0/node_modules/jest-resolve/build/resolver.js:427:11)\n      at Object.<anonymous> (apps/customer-app/src/components/Order/__tests__/OrderList.test.tsx:2:1)\n","name":"/Users/arpan1.mukherjee/code/FoodBot/apps/customer-app/src/components/Order/__tests__/OrderList.test.tsx","startTime":1771317257616,"status":"failed","summary":""},{"assertionResults":[],"coverage":{},"endTime":1771317257616,"message":"  ● Test suite failed to run\n\n    Cannot find module '@testing-library/jest-dom' from 'apps/customer-app/src/components/Order/__tests__/OrderDetail.test.tsx'\n\n      1 | import { render } from '@testing-library/react';\n    > 2 | import '@testing-library/jest-dom';\n        | ^\n      3 | import { mockOrder } from '../../../test/factories/order.factory';\n      4 |\n      5 | /**\n\n      at Resolver._throwModNotFoundError (node_modules/.pnpm/jest-resolve@29.7.0/node_modules/jest-resolve/build/resolver.js:427:11)\n      at Object.<anonymous> (apps/customer-app/src/components/Order/__tests__/OrderDetail.test.tsx:2:1)\n","name":"/Users/arpan1.mukherjee/code/FoodBot/apps/customer-app/src/components/Order/__tests__/OrderDetail.test.tsx","startTime":1771317257616,"status":"failed","summary":""},{"assertionResults":[],"coverage":{},"endTime":1771317257616,"message":"  ● Test suite failed to run\n\n    Cannot find module '@testing-library/jest-dom' from 'apps/customer-app/src/components/common/__tests__/ErrorMessage.test.tsx'\n\n      1 | import { render, screen } from '@testing-library/react';\n    > 2 | import '@testing-library/jest-dom';\n        | ^\n      3 |\n      4 | /**\n      5 |  * ErrorMessage Component Tests\n\n      at Resolver._throwModNotFoundError (node_modules/.pnpm/jest-resolve@29.7.0/node_modules/jest-resolve/build/resolver.js:427:11)\n      at Object.<anonymous> (apps/customer-app/src/components/common/__tests__/ErrorMessage.test.tsx:2:1)\n","name":"/Users/arpan1.mukherjee/code/FoodBot/apps/customer-app/src/components/common/__tests__/ErrorMessage.test.tsx","startTime":1771317257616,"status":"failed","summary":""},{"assertionResults":[],"coverage":{},"endTime":1771317257616,"message":"  ● Test suite failed to run\n\n    Cannot find module '@testing-library/jest-dom' from 'apps/customer-app/src/components/Chat/__tests__/InputField.test.tsx'\n\n      1 | import { render } from '@testing-library/react';\n    > 2 | import '@testing-library/jest-dom';\n        | ^\n      3 |\n      4 | /**\n      5 |  * InputField Component Tests\n\n      at Resolver._throwModNotFoundError (node_modules/.pnpm/jest-resolve@29.7.0/node_modules/jest-resolve/build/resolver.js:427:11)\n      at Object.<anonymous> (apps/customer-app/src/components/Chat/__tests__/InputField.test.tsx:2:1)\n","name":"/Users/arpan1.mukherjee/code/FoodBot/apps/customer-app/src/components/Chat/__tests__/InputField.test.tsx","startTime":1771317257616,"status":"failed","summary":""},{"assertionResults":[],"coverage":{},"endTime":1771317257616,"message":"  ● Test suite failed to run\n\n    Cannot find module '@testing-library/jest-dom' from 'apps/customer-app/src/components/common/__tests__/LoadingSpinner.test.tsx'\n\n      1 | import { render, screen } from '@testing-library/react';\n    > 2 | import '@testing-library/jest-dom';\n        | ^\n      3 |\n      4 | /**\n      5 |  * LoadingSpinner Component Tests\n\n      at Resolver._throwModNotFoundError (node_modules/.pnpm/jest-resolve@29.7.0/node_modules/jest-resolve/build/resolver.js:427:11)\n      at Object.<anonymous> (apps/customer-app/src/components/common/__tests__/LoadingSpinner.test.tsx:2:1)\n","name":"/Users/arpan1.mukherjee/code/FoodBot/apps/customer-app/src/components/common/__tests__/LoadingSpinner.test.tsx","startTime":1771317257616,"status":"failed","summary":""},{"assertionResults":[],"coverage":{},"endTime":1771317257616,"message":"  ● Test suite failed to run\n\n    Cannot find module '@testing-library/jest-dom' from 'apps/customer-app/src/components/Chat/__tests__/LoadingIndicator.test.tsx'\n\n      1 | import { render } from '@testing-library/react';\n    > 2 | import '@testing-library/jest-dom';\n        | ^\n      3 |\n      4 | /**\n      5 |  * LoadingIndicator Component Tests\n\n      at Resolver._throwModNotFoundError (node_modules/.pnpm/jest-resolve@29.7.0/node_modules/jest-resolve/build/resolver.js:427:11)\n      at Object.<anonymous> (apps/customer-app/src/components/Chat/__tests__/LoadingIndicator.test.tsx:2:1)\n","name":"/Users/arpan1.mukherjee/code/FoodBot/apps/customer-app/src/components/Chat/__tests__/LoadingIndicator.test.tsx","startTime":1771317257616,"status":"failed","summary":""},{"assertionResults":[],"coverage":{},"endTime":1771317257616,"message":"  ● Test suite failed to run\n\n    Cannot find module '@testing-library/jest-dom' from 'apps/customer-app/src/components/Status/__tests__/ProgressStepper.test.tsx'\n\n      1 | import { render } from '@testing-library/react';\n    > 2 | import '@testing-library/jest-dom';\n        | ^\n      3 |\n      4 | /**\n      5 |  * ProgressStepper Component Tests\n\n      at Resolver._throwModNotFoundError (node_modules/.pnpm/jest-resolve@29.7.0/node_modules/jest-resolve/build/resolver.js:427:11)\n      at Object.<anonymous> (apps/customer-app/src/components/Status/__tests__/ProgressStepper.test.tsx:2:1)\n","name":"/Users/arpan1.mukherjee/code/FoodBot/apps/customer-app/src/components/Status/__tests__/ProgressStepper.test.tsx","startTime":1771317257616,"status":"failed","summary":""},{"assertionResults":[],"coverage":{},"endTime":1771317257616,"message":"  ● Test suite failed to run\n\n    Cannot find module '@testing-library/jest-dom' from 'apps/customer-app/src/components/Restaurant/__tests__/RestaurantSearch.test.tsx'\n\n      1 | import { render } from '@testing-library/react';\n    > 2 | import '@testing-library/jest-dom';\n        | ^\n      3 |\n      4 | /**\n      5 |  * RestaurantSearch Component Tests\n\n      at Resolver._throwModNotFoundError (node_modules/.pnpm/jest-resolve@29.7.0/node_modules/jest-resolve/build/resolver.js:427:11)\n      at Object.<anonymous> (apps/customer-app/src/components/Restaurant/__tests__/RestaurantSearch.test.tsx:2:1)\n","name":"/Users/arpan1.mukherjee/code/FoodBot/apps/customer-app/src/components/Restaurant/__tests__/RestaurantSearch.test.tsx","startTime":1771317257616,"status":"failed","summary":""},{"assertionResults":[],"coverage":{},"endTime":1771317257616,"message":"  ● Test suite failed to run\n\n    Cannot find module '@testing-library/jest-dom' from 'apps/customer-app/src/components/Status/__tests__/StatusTracker.test.tsx'\n\n      1 | import { render } from '@testing-library/react';\n    > 2 | import '@testing-library/jest-dom';\n        | ^\n      3 |\n      4 | /**\n      5 |  * StatusTracker Component Tests\n\n      at Resolver._throwModNotFoundError (node_modules/.pnpm/jest-resolve@29.7.0/node_modules/jest-resolve/build/resolver.js:427:11)\n      at Object.<anonymous> (apps/customer-app/src/components/Status/__tests__/StatusTracker.test.tsx:2:1)\n","name":"/Users/arpan1.mukherjee/code/FoodBot/apps/customer-app/src/components/Status/__tests__/StatusTracker.test.tsx","startTime":1771317257616,"status":"failed","summary":""},{"assertionResults":[],"coverage":{},"endTime":1771317257616,"message":"  ● Test suite failed to run\n\n    Cannot find module '@testing-library/jest-dom' from 'apps/customer-app/src/components/Chat/__tests__/CTAButton.test.tsx'\n\n      1 | import { render } from '@testing-library/react';\n    > 2 | import '@testing-library/jest-dom';\n        | ^\n      3 |\n      4 | /**\n      5 |  * CTAButton Component Tests\n\n      at Resolver._throwModNotFoundError (node_modules/.pnpm/jest-resolve@29.7.0/node_modules/jest-resolve/build/resolver.js:427:11)\n      at Object.<anonymous> (apps/customer-app/src/components/Chat/__tests__/CTAButton.test.tsx:2:1)\n","name":"/Users/arpan1.mukherjee/code/FoodBot/apps/customer-app/src/components/Chat/__tests__/CTAButton.test.tsx","startTime":1771317257616,"status":"failed","summary":""},{"assertionResults":[],"coverage":{},"endTime":1771317257616,"message":"  ● Test suite failed to run\n\n    Cannot find module '@testing-library/jest-dom' from 'apps/customer-app/src/components/Cart/__tests__/CartItem.test.tsx'\n\n      1 | import { render } from '@testing-library/react';\n    > 2 | import '@testing-library/jest-dom';\n        | ^\n      3 |\n      4 | /**\n      5 |  * CartItem Component Tests\n\n      at Resolver._throwModNotFoundError (node_modules/.pnpm/jest-resolve@29.7.0/node_modules/jest-resolve/build/resolver.js:427:11)\n      at Object.<anonymous> (apps/customer-app/src/components/Cart/__tests__/CartItem.test.tsx:2:1)\n","name":"/Users/arpan1.mukherjee/code/FoodBot/apps/customer-app/src/components/Cart/__tests__/CartItem.test.tsx","startTime":1771317257616,"status":"failed","summary":""},{"assertionResults":[],"coverage":{},"endTime":1771317257616,"message":"  ● Test suite failed to run\n\n    Cannot find module '@testing-library/jest-dom' from 'apps/customer-app/src/components/Cart/__tests__/CartList.test.tsx'\n\n      1 | import { render } from '@testing-library/react';\n    > 2 | import '@testing-library/jest-dom';\n        | ^\n      3 |\n      4 | /**\n      5 |  * CartList Component Tests\n\n      at Resolver._throwModNotFoundError (node_modules/.pnpm/jest-resolve@29.7.0/node_modules/jest-resolve/build/resolver.js:427:11)\n      at Object.<anonymous> (apps/customer-app/src/components/Cart/__tests__/CartList.test.tsx:2:1)\n","name":"/Users/arpan1.mukherjee/code/FoodBot/apps/customer-app/src/components/Cart/__tests__/CartList.test.tsx","startTime":1771317257616,"status":"failed","summary":""},{"assertionResults":[],"coverage":{},"endTime":1771317257616,"message":"  ● Test suite failed to run\n\n    Cannot find module '@testing-library/jest-dom' from 'apps/customer-app/src/components/Cart/__tests__/CartSummary.test.tsx'\n\n      1 | import { render } from '@testing-library/react';\n    > 2 | import '@testing-library/jest-dom';\n        | ^\n      3 |\n      4 | /**\n      5 |  * CartSummary Component Tests\n\n      at Resolver._throwModNotFoundError (node_modules/.pnpm/jest-resolve@29.7.0/node_modules/jest-resolve/build/resolver.js:427:11)\n      at Object.<anonymous> (apps/customer-app/src/components/Cart/__tests__/CartSummary.test.tsx:2:1)\n","name":"/Users/arpan1.mukherjee/code/FoodBot/apps/customer-app/src/components/Cart/__tests__/CartSummary.test.tsx","startTime":1771317257616,"status":"failed","summary":""},{"assertionResults":[],"coverage":{},"endTime":1771317257616,"message":"  ● Test suite failed to run\n\n    Cannot find module '@testing-library/jest-dom' from 'apps/customer-app/src/components/Restaurant/__tests__/FilterPanel.test.tsx'\n\n      1 | import { render } from '@testing-library/react';\n    > 2 | import '@testing-library/jest-dom';\n        | ^\n      3 |\n      4 | /**\n      5 |  * FilterPanel Component Tests\n\n      at Resolver._throwModNotFoundError (node_modules/.pnpm/jest-resolve@29.7.0/node_modules/jest-resolve/build/resolver.js:427:11)\n      at Object.<anonymous> (apps/customer-app/src/components/Restaurant/__tests__/FilterPanel.test.tsx:2:1)\n","name":"/Users/arpan1.mukherjee/code/FoodBot/apps/customer-app/src/components/Restaurant/__tests__/FilterPanel.test.tsx","startTime":1771317257616,"status":"failed","summary":""},{"assertionResults":[{"ancestorTitles":["PlaceOrderWorkflow","Happy Path"],"duration":5,"failureDetails":[{"message":"thrown: \"Exceeded timeout of 10000 ms for a hook.\nAdd a timeout value to this test to increase the timeout, if this is a long-running test. See https://jestjs.io/docs/api#testname-fn-timeout.\""}],"failureMessages":["Error: thrown: \"Exceeded timeout of 10000 ms for a hook.\nAdd a timeout value to this test to increase the timeout, if this is a long-running test. See https://jestjs.io/docs/api#testname-fn-timeout.\"\n    at /Users/arpan1.mukherjee/code/FoodBot/packages/workflows/src/__tests__/placeOrder.workflow.test.ts:43:3\n    at _dispatchDescribe (/Users/arpan1.mukherjee/code/FoodBot/node_modules/.pnpm/jest-circus@29.7.0/node_modules/jest-circus/build/index.js:91:26)\n    at describe (/Users/arpan1.mukherjee/code/FoodBot/node_modules/.pnpm/jest-circus@29.7.0/node_modules/jest-circus/build/index.js:55:5)\n    at Object.<anonymous> (/Users/arpan1.mukherjee/code/FoodBot/packages/workflows/src/__tests__/placeOrder.workflow.test.ts:40:1)\n    at Runtime._execModule (/Users/arpan1.mukherjee/code/FoodBot/node_modules/.pnpm/jest-runtime@29.7.0/node_modules/jest-runtime/build/index.js:1439:24)\n    at Runtime._loadModule (/Users/arpan1.mukherjee/code/FoodBot/node_modules/.pnpm/jest-runtime@29.7.0/node_modules/jest-runtime/build/index.js:1022:12)\n    at Runtime.requireModule (/Users/arpan1.mukherjee/code/FoodBot/node_modules/.pnpm/jest-runtime@29.7.0/node_modules/jest-runtime/build/index.js:882:12)\n    at jestAdapter (/Users/arpan1.mukherjee/code/FoodBot/node_modules/.pnpm/jest-circus@29.7.0/node_modules/jest-circus/build/legacy-code-todo-rewrite/jestAdapter.js:77:13)\n    at processTicksAndRejections (node:internal/process/task_queues:105:5)\n    at runTestInternal (/Users/arpan1.mukherjee/code/FoodBot/node_modules/.pnpm/jest-runner@29.7.0/node_modules/jest-runner/build/runTest.js:367:16)\n    at runTest (/Users/arpan1.mukherjee/code/FoodBot/node_modules/.pnpm/jest-runner@29.7.0/node_modules/jest-runner/build/runTest.js:444:34)\n    at Object.worker (/Users/arpan1.mukherjee/code/FoodBot/node_modules/.pnpm/jest-runner@29.7.0/node_modules/jest-runner/build/testWorker.js:106:12)"],"fullName":"PlaceOrderWorkflow Happy Path should successfully place an order end-to-end","invocations":1,"location":null,"numPassingAsserts":0,"retryReasons":[],"status":"failed","title":"should successfully place an order end-to-end"},{"ancestorTitles":["PlaceOrderWorkflow","Payment Failure with Compensation"],"duration":0,"failureDetails":[{"message":"thrown: \"Exceeded timeout of 10000 ms for a hook.\nAdd a timeout value to this test to increase the timeout, if this is a long-running test. See https://jestjs.io/docs/api#testname-fn-timeout.\""}],"failureMessages":["Error: thrown: \"Exceeded timeout of 10000 ms for a hook.\nAdd a timeout value to this test to increase the timeout, if this is a long-running test. See https://jestjs.io/docs/api#testname-fn-timeout.\"\n    at /Users/arpan1.mukherjee/code/FoodBot/packages/workflows/src/__tests__/placeOrder.workflow.test.ts:43:3\n    at _dispatchDescribe (/Users/arpan1.mukherjee/code/FoodBot/node_modules/.pnpm/jest-circus@29.7.0/node_modules/jest-circus/build/index.js:91:26)\n    at describe (/Users/arpan1.mukherjee/code/FoodBot/node_modules/.pnpm/jest-circus@29.7.0/node_modules/jest-circus/build/index.js:55:5)\n    at Object.<anonymous> (/Users/arpan1.mukherjee/code/FoodBot/packages/workflows/src/__tests__/placeOrder.workflow.test.ts:40:1)\n    at Runtime._execModule (/Users/arpan1.mukherjee/code/FoodBot/node_modules/.pnpm/jest-runtime@29.7.0/node_modules/jest-runtime/build/index.js:1439:24)\n    at Runtime._loadModule (/Users/arpan1.mukherjee/code/FoodBot/node_modules/.pnpm/jest-runtime@29.7.0/node_modules/jest-runtime/build/index.js:1022:12)\n    at Runtime.requireModule (/Users/arpan1.mukherjee/code/FoodBot/node_modules/.pnpm/jest-runtime@29.7.0/node_modules/jest-runtime/build/index.js:882:12)\n    at jestAdapter (/Users/arpan1.mukherjee/code/FoodBot/node_modules/.pnpm/jest-circus@29.7.0/node_modules/jest-circus/build/legacy-code-todo-rewrite/jestAdapter.js:77:13)\n    at processTicksAndRejections (node:internal/process/task_queues:105:5)\n    at runTestInternal (/Users/arpan1.mukherjee/code/FoodBot/node_modules/.pnpm/jest-runner@29.7.0/node_modules/jest-runner/build/runTest.js:367:16)\n    at runTest (/Users/arpan1.mukherjee/code/FoodBot/node_modules/.pnpm/jest-runner@29.7.0/node_modules/jest-runner/build/runTest.js:444:34)\n    at Object.worker (/Users/arpan1.mukherjee/code/FoodBot/node_modules/.pnpm/jest-runner@29.7.0/node_modules/jest-runner/build/testWorker.js:106:12)"],"fullName":"PlaceOrderWorkflow Payment Failure with Compensation should rollback on payment failure","invocations":1,"location":null,"numPassingAsserts":0,"retryReasons":[],"status":"failed","title":"should rollback on payment failure"},{"ancestorTitles":["PlaceOrderWorkflow","Payment Failure with Compensation"],"duration":0,"failureDetails":[{"message":"thrown: \"Exceeded timeout of 10000 ms for a hook.\nAdd a timeout value to this test to increase the timeout, if this is a long-running test. See https://jestjs.io/docs/api#testname-fn-timeout.\""}],"failureMessages":["Error: thrown: \"Exceeded timeout of 10000 ms for a hook.\nAdd a timeout value to this test to increase the timeout, if this is a long-running test. See https://jestjs.io/docs/api#testname-fn-timeout.\"\n    at /Users/arpan1.mukherjee/code/FoodBot/packages/workflows/src/__tests__/placeOrder.workflow.test.ts:43:3\n    at _dispatchDescribe (/Users/arpan1.mukherjee/code/FoodBot/node_modules/.pnpm/jest-circus@29.7.0/node_modules/jest-circus/build/index.js:91:26)\n    at describe (/Users/arpan1.mukherjee/code/FoodBot/node_modules/.pnpm/jest-circus@29.7.0/node_modules/jest-circus/build/index.js:55:5)\n    at Object.<anonymous> (/Users/arpan1.mukherjee/code/FoodBot/packages/workflows/src/__tests__/placeOrder.workflow.test.ts:40:1)\n    at Runtime._execModule (/Users/arpan1.mukherjee/code/FoodBot/node_modules/.pnpm/jest-runtime@29.7.0/node_modules/jest-runtime/build/index.js:1439:24)\n    at Runtime._loadModule (/Users/arpan1.mukherjee/code/FoodBot/node_modules/.pnpm/jest-runtime@29.7.0/node_modules/jest-runtime/build/index.js:1022:12)\n    at Runtime.requireModule (/Users/arpan1.mukherjee/code/FoodBot/node_modules/.pnpm/jest-runtime@29.7.0/node_modules/jest-runtime/build/index.js:882:12)\n    at jestAdapter (/Users/arpan1.mukherjee/code/FoodBot/node_modules/.pnpm/jest-circus@29.7.0/node_modules/jest-circus/build/legacy-code-todo-rewrite/jestAdapter.js:77:13)\n    at processTicksAndRejections (node:internal/process/task_queues:105:5)\n    at runTestInternal (/Users/arpan1.mukherjee/code/FoodBot/node_modules/.pnpm/jest-runner@29.7.0/node_modules/jest-runner/build/runTest.js:367:16)\n    at runTest (/Users/arpan1.mukherjee/code/FoodBot/node_modules/.pnpm/jest-runner@29.7.0/node_modules/jest-runner/build/runTest.js:444:34)\n    at Object.worker (/Users/arpan1.mukherjee/code/FoodBot/node_modules/.pnpm/jest-runner@29.7.0/node_modules/jest-runner/build/testWorker.js:106:12)"],"fullName":"PlaceOrderWorkflow Payment Failure with Compensation should refund payment on order creation failure","invocations":1,"location":null,"numPassingAsserts":0,"retryReasons":[],"status":"failed","title":"should refund payment on order creation failure"},{"ancestorTitles":["PlaceOrderWorkflow","Inventory Check Failure"],"duration":0,"failureDetails":[{"message":"thrown: \"Exceeded timeout of 10000 ms for a hook.\nAdd a timeout value to this test to increase the timeout, if this is a long-running test. See https://jestjs.io/docs/api#testname-fn-timeout.\""}],"failureMessages":["Error: thrown: \"Exceeded timeout of 10000 ms for a hook.\nAdd a timeout value to this test to increase the timeout, if this is a long-running test. See https://jestjs.io/docs/api#testname-fn-timeout.\"\n    at /Users/arpan1.mukherjee/code/FoodBot/packages/workflows/src/__tests__/placeOrder.workflow.test.ts:43:3\n    at _dispatchDescribe (/Users/arpan1.mukherjee/code/FoodBot/node_modules/.pnpm/jest-circus@29.7.0/node_modules/jest-circus/build/index.js:91:26)\n    at describe (/Users/arpan1.mukherjee/code/FoodBot/node_modules/.pnpm/jest-circus@29.7.0/node_modules/jest-circus/build/index.js:55:5)\n    at Object.<anonymous> (/Users/arpan1.mukherjee/code/FoodBot/packages/workflows/src/__tests__/placeOrder.workflow.test.ts:40:1)\n    at Runtime._execModule (/Users/arpan1.mukherjee/code/FoodBot/node_modules/.pnpm/jest-runtime@29.7.0/node_modules/jest-runtime/build/index.js:1439:24)\n    at Runtime._loadModule (/Users/arpan1.mukherjee/code/FoodBot/node_modules/.pnpm/jest-runtime@29.7.0/node_modules/jest-runtime/build/index.js:1022:12)\n    at Runtime.requireModule (/Users/arpan1.mukherjee/code/FoodBot/node_modules/.pnpm/jest-runtime@29.7.0/node_modules/jest-runtime/build/index.js:882:12)\n    at jestAdapter (/Users/arpan1.mukherjee/code/FoodBot/node_modules/.pnpm/jest-circus@29.7.0/node_modules/jest-circus/build/legacy-code-todo-rewrite/jestAdapter.js:77:13)\n    at processTicksAndRejections (node:internal/process/task_queues:105:5)\n    at runTestInternal (/Users/arpan1.mukherjee/code/FoodBot/node_modules/.pnpm/jest-runner@29.7.0/node_modules/jest-runner/build/runTest.js:367:16)\n    at runTest (/Users/arpan1.mukherjee/code/FoodBot/node_modules/.pnpm/jest-runner@29.7.0/node_modules/jest-runner/build/runTest.js:444:34)\n    at Object.worker (/Users/arpan1.mukherjee/code/FoodBot/node_modules/.pnpm/jest-runner@29.7.0/node_modules/jest-runner/build/testWorker.js:106:12)"],"fullName":"PlaceOrderWorkflow Inventory Check Failure should fail early if items not available","invocations":1,"location":null,"numPassingAsserts":0,"retryReasons":[],"status":"failed","title":"should fail early if items not available"},{"ancestorTitles":["PlaceOrderWorkflow","Cart Validation"],"duration":0,"failureDetails":[{"message":"thrown: \"Exceeded timeout of 10000 ms for a hook.\nAdd a timeout value to this test to increase the timeout, if this is a long-running test. See https://jestjs.io/docs/api#testname-fn-timeout.\""}],"failureMessages":["Error: thrown: \"Exceeded timeout of 10000 ms for a hook.\nAdd a timeout value to this test to increase the timeout, if this is a long-running test. See https://jestjs.io/docs/api#testname-fn-timeout.\"\n    at /Users/arpan1.mukherjee/code/FoodBot/packages/workflows/src/__tests__/placeOrder.workflow.test.ts:43:3\n    at _dispatchDescribe (/Users/arpan1.mukherjee/code/FoodBot/node_modules/.pnpm/jest-circus@29.7.0/node_modules/jest-circus/build/index.js:91:26)\n    at describe (/Users/arpan1.mukherjee/code/FoodBot/node_modules/.pnpm/jest-circus@29.7.0/node_modules/jest-circus/build/index.js:55:5)\n    at Object.<anonymous> (/Users/arpan1.mukherjee/code/FoodBot/packages/workflows/src/__tests__/placeOrder.workflow.test.ts:40:1)\n    at Runtime._execModule (/Users/arpan1.mukherjee/code/FoodBot/node_modules/.pnpm/jest-runtime@29.7.0/node_modules/jest-runtime/build/index.js:1439:24)\n    at Runtime._loadModule (/Users/arpan1.mukherjee/code/FoodBot/node_modules/.pnpm/jest-runtime@29.7.0/node_modules/jest-runtime/build/index.js:1022:12)\n    at Runtime.requireModule (/Users/arpan1.mukherjee/code/FoodBot/node_modules/.pnpm/jest-runtime@29.7.0/node_modules/jest-runtime/build/index.js:882:12)\n    at jestAdapter (/Users/arpan1.mukherjee/code/FoodBot/node_modules/.pnpm/jest-circus@29.7.0/node_modules/jest-circus/build/legacy-code-todo-rewrite/jestAdapter.js:77:13)\n    at processTicksAndRejections (node:internal/process/task_queues:105:5)\n    at runTestInternal (/Users/arpan1.mukherjee/code/FoodBot/node_modules/.pnpm/jest-runner@29.7.0/node_modules/jest-runner/build/runTest.js:367:16)\n    at runTest (/Users/arpan1.mukherjee/code/FoodBot/node_modules/.pnpm/jest-runner@29.7.0/node_modules/jest-runner/build/runTest.js:444:34)\n    at Object.worker (/Users/arpan1.mukherjee/code/FoodBot/node_modules/.pnpm/jest-runner@29.7.0/node_modules/jest-runner/build/testWorker.js:106:12)"],"fullName":"PlaceOrderWorkflow Cart Validation should reject invalid cart","invocations":1,"location":null,"numPassingAsserts":0,"retryReasons":[],"status":"failed","title":"should reject invalid cart"},{"ancestorTitles":["PlaceOrderWorkflow","Notification Handling"],"duration":0,"failureDetails":[{"message":"thrown: \"Exceeded timeout of 10000 ms for a hook.\nAdd a timeout value to this test to increase the timeout, if this is a long-running test. See https://jestjs.io/docs/api#testname-fn-timeout.\""}],"failureMessages":["Error: thrown: \"Exceeded timeout of 10000 ms for a hook.\nAdd a timeout value to this test to increase the timeout, if this is a long-running test. See https://jestjs.io/docs/api#testname-fn-timeout.\"\n    at /Users/arpan1.mukherjee/code/FoodBot/packages/workflows/src/__tests__/placeOrder.workflow.test.ts:43:3\n    at _dispatchDescribe (/Users/arpan1.mukherjee/code/FoodBot/node_modules/.pnpm/jest-circus@29.7.0/node_modules/jest-circus/build/index.js:91:26)\n    at describe (/Users/arpan1.mukherjee/code/FoodBot/node_modules/.pnpm/jest-circus@29.7.0/node_modules/jest-circus/build/index.js:55:5)\n    at Object.<anonymous> (/Users/arpan1.mukherjee/code/FoodBot/packages/workflows/src/__tests__/placeOrder.workflow.test.ts:40:1)\n    at Runtime._execModule (/Users/arpan1.mukherjee/code/FoodBot/node_modules/.pnpm/jest-runtime@29.7.0/node_modules/jest-runtime/build/index.js:1439:24)\n    at Runtime._loadModule (/Users/arpan1.mukherjee/code/FoodBot/node_modules/.pnpm/jest-runtime@29.7.0/node_modules/jest-runtime/build/index.js:1022:12)\n    at Runtime.requireModule (/Users/arpan1.mukherjee/code/FoodBot/node_modules/.pnpm/jest-runtime@29.7.0/node_modules/jest-runtime/build/index.js:882:12)\n    at jestAdapter (/Users/arpan1.mukherjee/code/FoodBot/node_modules/.pnpm/jest-circus@29.7.0/node_modules/jest-circus/build/legacy-code-todo-rewrite/jestAdapter.js:77:13)\n    at processTicksAndRejections (node:internal/process/task_queues:105:5)\n    at runTestInternal (/Users/arpan1.mukherjee/code/FoodBot/node_modules/.pnpm/jest-runner@29.7.0/node_modules/jest-runner/build/runTest.js:367:16)\n    at runTest (/Users/arpan1.mukherjee/code/FoodBot/node_modules/.pnpm/jest-runner@29.7.0/node_modules/jest-runner/build/runTest.js:444:34)\n    at Object.worker (/Users/arpan1.mukherjee/code/FoodBot/node_modules/.pnpm/jest-runner@29.7.0/node_modules/jest-runner/build/testWorker.js:106:12)"],"fullName":"PlaceOrderWorkflow Notification Handling should notify both restaurant and customer on success","invocations":1,"location":null,"numPassingAsserts":0,"retryReasons":[],"status":"failed","title":"should notify both restaurant and customer on success"},{"ancestorTitles":["PlaceOrderWorkflow","Notification Handling"],"duration":0,"failureDetails":[{"message":"thrown: \"Exceeded timeout of 10000 ms for a hook.\nAdd a timeout value to this test to increase the timeout, if this is a long-running test. See https://jestjs.io/docs/api#testname-fn-timeout.\""}],"failureMessages":["Error: thrown: \"Exceeded timeout of 10000 ms for a hook.\nAdd a timeout value to this test to increase the timeout, if this is a long-running test. See https://jestjs.io/docs/api#testname-fn-timeout.\"\n    at /Users/arpan1.mukherjee/code/FoodBot/packages/workflows/src/__tests__/placeOrder.workflow.test.ts:43:3\n    at _dispatchDescribe (/Users/arpan1.mukherjee/code/FoodBot/node_modules/.pnpm/jest-circus@29.7.0/node_modules/jest-circus/build/index.js:91:26)\n    at describe (/Users/arpan1.mukherjee/code/FoodBot/node_modules/.pnpm/jest-circus@29.7.0/node_modules/jest-circus/build/index.js:55:5)\n    at Object.<anonymous> (/Users/arpan1.mukherjee/code/FoodBot/packages/workflows/src/__tests__/placeOrder.workflow.test.ts:40:1)\n    at Runtime._execModule (/Users/arpan1.mukherjee/code/FoodBot/node_modules/.pnpm/jest-runtime@29.7.0/node_modules/jest-runtime/build/index.js:1439:24)\n    at Runtime._loadModule (/Users/arpan1.mukherjee/code/FoodBot/node_modules/.pnpm/jest-runtime@29.7.0/node_modules/jest-runtime/build/index.js:1022:12)\n    at Runtime.requireModule (/Users/arpan1.mukherjee/code/FoodBot/node_modules/.pnpm/jest-runtime@29.7.0/node_modules/jest-runtime/build/index.js:882:12)\n    at jestAdapter (/Users/arpan1.mukherjee/code/FoodBot/node_modules/.pnpm/jest-circus@29.7.0/node_modules/jest-circus/build/legacy-code-todo-rewrite/jestAdapter.js:77:13)\n    at processTicksAndRejections (node:internal/process/task_queues:105:5)\n    at runTestInternal (/Users/arpan1.mukherjee/code/FoodBot/node_modules/.pnpm/jest-runner@29.7.0/node_modules/jest-runner/build/runTest.js:367:16)\n    at runTest (/Users/arpan1.mukherjee/code/FoodBot/node_modules/.pnpm/jest-runner@29.7.0/node_modules/jest-runner/build/runTest.js:444:34)\n    at Object.worker (/Users/arpan1.mukherjee/code/FoodBot/node_modules/.pnpm/jest-runner@29.7.0/node_modules/jest-runner/build/testWorker.js:106:12)"],"fullName":"PlaceOrderWorkflow Notification Handling should still complete order even if notification fails","invocations":1,"location":null,"numPassingAsserts":0,"retryReasons":[],"status":"failed","title":"should still complete order even if notification fails"},{"ancestorTitles":["PlaceOrderWorkflow","Saga Pattern Validation"],"duration":1,"failureDetails":[{"message":"thrown: \"Exceeded timeout of 10000 ms for a hook.\nAdd a timeout value to this test to increase the timeout, if this is a long-running test. See https://jestjs.io/docs/api#testname-fn-timeout.\""}],"failureMessages":["Error: thrown: \"Exceeded timeout of 10000 ms for a hook.\nAdd a timeout value to this test to increase the timeout, if this is a long-running test. See https://jestjs.io/docs/api#testname-fn-timeout.\"\n    at /Users/arpan1.mukherjee/code/FoodBot/packages/workflows/src/__tests__/placeOrder.workflow.test.ts:43:3\n    at _dispatchDescribe (/Users/arpan1.mukherjee/code/FoodBot/node_modules/.pnpm/jest-circus@29.7.0/node_modules/jest-circus/build/index.js:91:26)\n    at describe (/Users/arpan1.mukherjee/code/FoodBot/node_modules/.pnpm/jest-circus@29.7.0/node_modules/jest-circus/build/index.js:55:5)\n    at Object.<anonymous> (/Users/arpan1.mukherjee/code/FoodBot/packages/workflows/src/__tests__/placeOrder.workflow.test.ts:40:1)\n    at Runtime._execModule (/Users/arpan1.mukherjee/code/FoodBot/node_modules/.pnpm/jest-runtime@29.7.0/node_modules/jest-runtime/build/index.js:1439:24)\n    at Runtime._loadModule (/Users/arpan1.mukherjee/code/FoodBot/node_modules/.pnpm/jest-runtime@29.7.0/node_modules/jest-runtime/build/index.js:1022:12)\n    at Runtime.requireModule (/Users/arpan1.mukherjee/code/FoodBot/node_modules/.pnpm/jest-runtime@29.7.0/node_modules/jest-runtime/build/index.js:882:12)\n    at jestAdapter (/Users/arpan1.mukherjee/code/FoodBot/node_modules/.pnpm/jest-circus@29.7.0/node_modules/jest-circus/build/legacy-code-todo-rewrite/jestAdapter.js:77:13)\n    at processTicksAndRejections (node:internal/process/task_queues:105:5)\n    at runTestInternal (/Users/arpan1.mukherjee/code/FoodBot/node_modules/.pnpm/jest-runner@29.7.0/node_modules/jest-runner/build/runTest.js:367:16)\n    at runTest (/Users/arpan1.mukherjee/code/FoodBot/node_modules/.pnpm/jest-runner@29.7.0/node_modules/jest-runner/build/runTest.js:444:34)\n    at Object.worker (/Users/arpan1.mukherjee/code/FoodBot/node_modules/.pnpm/jest-runner@29.7.0/node_modules/jest-runner/build/testWorker.js:106:12)"],"fullName":"PlaceOrderWorkflow Saga Pattern Validation should execute compensation in reverse order","invocations":1,"location":null,"numPassingAsserts":0,"retryReasons":[],"status":"failed","title":"should execute compensation in reverse order"},{"ancestorTitles":["PlaceOrderWorkflow","Timeout Scenarios"],"duration":0,"failureDetails":[{"message":"thrown: \"Exceeded timeout of 10000 ms for a hook.\nAdd a timeout value to this test to increase the timeout, if this is a long-running test. See https://jestjs.io/docs/api#testname-fn-timeout.\""}],"failureMessages":["Error: thrown: \"Exceeded timeout of 10000 ms for a hook.\nAdd a timeout value to this test to increase the timeout, if this is a long-running test. See https://jestjs.io/docs/api#testname-fn-timeout.\"\n    at /Users/arpan1.mukherjee/code/FoodBot/packages/workflows/src/__tests__/placeOrder.workflow.test.ts:43:3\n    at _dispatchDescribe (/Users/arpan1.mukherjee/code/FoodBot/node_modules/.pnpm/jest-circus@29.7.0/node_modules/jest-circus/build/index.js:91:26)\n    at describe (/Users/arpan1.mukherjee/code/FoodBot/node_modules/.pnpm/jest-circus@29.7.0/node_modules/jest-circus/build/index.js:55:5)\n    at Object.<anonymous> (/Users/arpan1.mukherjee/code/FoodBot/packages/workflows/src/__tests__/placeOrder.workflow.test.ts:40:1)\n    at Runtime._execModule (/Users/arpan1.mukherjee/code/FoodBot/node_modules/.pnpm/jest-runtime@29.7.0/node_modules/jest-runtime/build/index.js:1439:24)\n    at Runtime._loadModule (/Users/arpan1.mukherjee/code/FoodBot/node_modules/.pnpm/jest-runtime@29.7.0/node_modules/jest-runtime/build/index.js:1022:12)\n    at Runtime.requireModule (/Users/arpan1.mukherjee/code/FoodBot/node_modules/.pnpm/jest-runtime@29.7.0/node_modules/jest-runtime/build/index.js:882:12)\n    at jestAdapter (/Users/arpan1.mukherjee/code/FoodBot/node_modules/.pnpm/jest-circus@29.7.0/node_modules/jest-circus/build/legacy-code-todo-rewrite/jestAdapter.js:77:13)\n    at processTicksAndRejections (node:internal/process/task_queues:105:5)\n    at runTestInternal (/Users/arpan1.mukherjee/code/FoodBot/node_modules/.pnpm/jest-runner@29.7.0/node_modules/jest-runner/build/runTest.js:367:16)\n    at runTest (/Users/arpan1.mukherjee/code/FoodBot/node_modules/.pnpm/jest-runner@29.7.0/node_modules/jest-runner/build/runTest.js:444:34)\n    at Object.worker (/Users/arpan1.mukherjee/code/FoodBot/node_modules/.pnpm/jest-runner@29.7.0/node_modules/jest-runner/build/testWorker.js:106:12)"],"fullName":"PlaceOrderWorkflow Timeout Scenarios should timeout on slow payment processing","invocations":1,"location":null,"numPassingAsserts":0,"retryReasons":[],"status":"failed","title":"should timeout on slow payment processing"},{"ancestorTitles":["PlaceOrderWorkflow","Idempotency"],"duration":1,"failureDetails":[{"message":"thrown: \"Exceeded timeout of 10000 ms for a hook.\nAdd a timeout value to this test to increase the timeout, if this is a long-running test. See https://jestjs.io/docs/api#testname-fn-timeout.\""}],"failureMessages":["Error: thrown: \"Exceeded timeout of 10000 ms for a hook.\nAdd a timeout value to this test to increase the timeout, if this is a long-running test. See https://jestjs.io/docs/api#testname-fn-timeout.\"\n    at /Users/arpan1.mukherjee/code/FoodBot/packages/workflows/src/__tests__/placeOrder.workflow.test.ts:43:3\n    at _dispatchDescribe (/Users/arpan1.mukherjee/code/FoodBot/node_modules/.pnpm/jest-circus@29.7.0/node_modules/jest-circus/build/index.js:91:26)\n    at describe (/Users/arpan1.mukherjee/code/FoodBot/node_modules/.pnpm/jest-circus@29.7.0/node_modules/jest-circus/build/index.js:55:5)\n    at Object.<anonymous> (/Users/arpan1.mukherjee/code/FoodBot/packages/workflows/src/__tests__/placeOrder.workflow.test.ts:40:1)\n    at Runtime._execModule (/Users/arpan1.mukherjee/code/FoodBot/node_modules/.pnpm/jest-runtime@29.7.0/node_modules/jest-runtime/build/index.js:1439:24)\n    at Runtime._loadModule (/Users/arpan1.mukherjee/code/FoodBot/node_modules/.pnpm/jest-runtime@29.7.0/node_modules/jest-runtime/build/index.js:1022:12)\n    at Runtime.requireModule (/Users/arpan1.mukherjee/code/FoodBot/node_modules/.pnpm/jest-runtime@29.7.0/node_modules/jest-runtime/build/index.js:882:12)\n    at jestAdapter (/Users/arpan1.mukherjee/code/FoodBot/node_modules/.pnpm/jest-circus@29.7.0/node_modules/jest-circus/build/legacy-code-todo-rewrite/jestAdapter.js:77:13)\n    at processTicksAndRejections (node:internal/process/task_queues:105:5)\n    at runTestInternal (/Users/arpan1.mukherjee/code/FoodBot/node_modules/.pnpm/jest-runner@29.7.0/node_modules/jest-runner/build/runTest.js:367:16)\n    at runTest (/Users/arpan1.mukherjee/code/FoodBot/node_modules/.pnpm/jest-runner@29.7.0/node_modules/jest-runner/build/runTest.js:444:34)\n    at Object.worker (/Users/arpan1.mukherjee/code/FoodBot/node_modules/.pnpm/jest-runner@29.7.0/node_modules/jest-runner/build/testWorker.js:106:12)"],"fullName":"PlaceOrderWorkflow Idempotency should handle duplicate order requests","invocations":1,"location":null,"numPassingAsserts":0,"retryReasons":[],"status":"failed","title":"should handle duplicate order requests"}],"endTime":1771317256847,"message":"  ● PlaceOrderWorkflow › Happy Path › should successfully place an order end-to-end\n\n    thrown: \"Exceeded timeout of 10000 ms for a hook.\n    Add a timeout value to this test to increase the timeout, if this is a long-running test. See https://jestjs.io/docs/api#testname-fn-timeout.\"\n\n      41 |   let testEnv: TestWorkflowEnvironment;\n      42 |\n    > 43 |   beforeAll(async () => {\n         |   ^\n      44 |     testEnv = await TestWorkflowEnvironment.createLocal();\n      45 |   });\n      46 |\n\n      at packages/workflows/src/__tests__/placeOrder.workflow.test.ts:43:3\n      at Object.<anonymous> (packages/workflows/src/__tests__/placeOrder.workflow.test.ts:40:1)\n\n  ● PlaceOrderWorkflow › Payment Failure with Compensation › should rollback on payment failure\n\n    thrown: \"Exceeded timeout of 10000 ms for a hook.\n    Add a timeout value to this test to increase the timeout, if this is a long-running test. See https://jestjs.io/docs/api#testname-fn-timeout.\"\n\n      41 |   let testEnv: TestWorkflowEnvironment;\n      42 |\n    > 43 |   beforeAll(async () => {\n         |   ^\n      44 |     testEnv = await TestWorkflowEnvironment.createLocal();\n      45 |   });\n      46 |\n\n      at packages/workflows/src/__tests__/placeOrder.workflow.test.ts:43:3\n      at Object.<anonymous> (packages/workflows/src/__tests__/placeOrder.workflow.test.ts:40:1)\n\n  ● PlaceOrderWorkflow › Payment Failure with Compensation › should refund payment on order creation failure\n\n    thrown: \"Exceeded timeout of 10000 ms for a hook.\n    Add a timeout value to this test to increase the timeout, if this is a long-running test. See https://jestjs.io/docs/api#testname-fn-timeout.\"\n\n      41 |   let testEnv: TestWorkflowEnvironment;\n      42 |\n    > 43 |   beforeAll(async () => {\n         |   ^\n      44 |     testEnv = await TestWorkflowEnvironment.createLocal();\n      45 |   });\n      46 |\n\n      at packages/workflows/src/__tests__/placeOrder.workflow.test.ts:43:3\n      at Object.<anonymous> (packages/workflows/src/__tests__/placeOrder.workflow.test.ts:40:1)\n\n  ● PlaceOrderWorkflow › Inventory Check Failure › should fail early if items not available\n\n    thrown: \"Exceeded timeout of 10000 ms for a hook.\n    Add a timeout value to this test to increase the timeout, if this is a long-running test. See https://jestjs.io/docs/api#testname-fn-timeout.\"\n\n      41 |   let testEnv: TestWorkflowEnvironment;\n      42 |\n    > 43 |   beforeAll(async () => {\n         |   ^\n      44 |     testEnv = await TestWorkflowEnvironment.createLocal();\n      45 |   });\n      46 |\n\n      at packages/workflows/src/__tests__/placeOrder.workflow.test.ts:43:3\n      at Object.<anonymous> (packages/workflows/src/__tests__/placeOrder.workflow.test.ts:40:1)\n\n  ● PlaceOrderWorkflow › Cart Validation › should reject invalid cart\n\n    thrown: \"Exceeded timeout of 10000 ms for a hook.\n    Add a timeout value to this test to increase the timeout, if this is a long-running test. See https://jestjs.io/docs/api#testname-fn-timeout.\"\n\n      41 |   let testEnv: TestWorkflowEnvironment;\n      42 |\n    > 43 |   beforeAll(async () => {\n         |   ^\n      44 |     testEnv = await TestWorkflowEnvironment.createLocal();\n      45 |   });\n      46 |\n\n      at packages/workflows/src/__tests__/placeOrder.workflow.test.ts:43:3\n      at Object.<anonymous> (packages/workflows/src/__tests__/placeOrder.workflow.test.ts:40:1)\n\n  ● PlaceOrderWorkflow › Notification Handling › should notify both restaurant and customer on success\n\n    thrown: \"Exceeded timeout of 10000 ms for a hook.\n    Add a timeout value to this test to increase the timeout, if this is a long-running test. See https://jestjs.io/docs/api#testname-fn-timeout.\"\n\n      41 |   let testEnv: TestWorkflowEnvironment;\n      42 |\n    > 43 |   beforeAll(async () => {\n         |   ^\n      44 |     testEnv = await TestWorkflowEnvironment.createLocal();\n      45 |   });\n      46 |\n\n      at packages/workflows/src/__tests__/placeOrder.workflow.test.ts:43:3\n      at Object.<anonymous> (packages/workflows/src/__tests__/placeOrder.workflow.test.ts:40:1)\n\n  ● PlaceOrderWorkflow › Notification Handling › should still complete order even if notification fails\n\n    thrown: \"Exceeded timeout of 10000 ms for a hook.\n    Add a timeout value to this test to increase the timeout, if this is a long-running test. See https://jestjs.io/docs/api#testname-fn-timeout.\"\n\n      41 |   let testEnv: TestWorkflowEnvironment;\n      42 |\n    > 43 |   beforeAll(async () => {\n         |   ^\n      44 |     testEnv = await TestWorkflowEnvironment.createLocal();\n      45 |   });\n      46 |\n\n      at packages/workflows/src/__tests__/placeOrder.workflow.test.ts:43:3\n      at Object.<anonymous> (packages/workflows/src/__tests__/placeOrder.workflow.test.ts:40:1)\n\n  ● PlaceOrderWorkflow › Saga Pattern Validation › should execute compensation in reverse order\n\n    thrown: \"Exceeded timeout of 10000 ms for a hook.\n    Add a timeout value to this test to increase the timeout, if this is a long-running test. See https://jestjs.io/docs/api#testname-fn-timeout.\"\n\n      41 |   let testEnv: TestWorkflowEnvironment;\n      42 |\n    > 43 |   beforeAll(async () => {\n         |   ^\n      44 |     testEnv = await TestWorkflowEnvironment.createLocal();\n      45 |   });\n      46 |\n\n      at packages/workflows/src/__tests__/placeOrder.workflow.test.ts:43:3\n      at Object.<anonymous> (packages/workflows/src/__tests__/placeOrder.workflow.test.ts:40:1)\n\n  ● PlaceOrderWorkflow › Timeout Scenarios › should timeout on slow payment processing\n\n    thrown: \"Exceeded timeout of 10000 ms for a hook.\n    Add a timeout value to this test to increase the timeout, if this is a long-running test. See https://jestjs.io/docs/api#testname-fn-timeout.\"\n\n      41 |   let testEnv: TestWorkflowEnvironment;\n      42 |\n    > 43 |   beforeAll(async () => {\n         |   ^\n      44 |     testEnv = await TestWorkflowEnvironment.createLocal();\n      45 |   });\n      46 |\n\n      at packages/workflows/src/__tests__/placeOrder.workflow.test.ts:43:3\n      at Object.<anonymous> (packages/workflows/src/__tests__/placeOrder.workflow.test.ts:40:1)\n\n  ● PlaceOrderWorkflow › Idempotency › should handle duplicate order requests\n\n    thrown: \"Exceeded timeout of 10000 ms for a hook.\n    Add a timeout value to this test to increase the timeout, if this is a long-running test. See https://jestjs.io/docs/api#testname-fn-timeout.\"\n\n      41 |   let testEnv: TestWorkflowEnvironment;\n      42 |\n    > 43 |   beforeAll(async () => {\n         |   ^\n      44 |     testEnv = await TestWorkflowEnvironment.createLocal();\n      45 |   });\n      46 |\n\n      at packages/workflows/src/__tests__/placeOrder.workflow.test.ts:43:3\n      at Object.<anonymous> (packages/workflows/src/__tests__/placeOrder.workflow.test.ts:40:1)\n","name":"/Users/arpan1.mukherjee/code/FoodBot/packages/workflows/src/__tests__/placeOrder.workflow.test.ts","startTime":1771317241831,"status":"failed","summary":""},{"assertionResults":[{"ancestorTitles":["ProcessPaymentWorkflow","Happy Path"],"duration":8,"failureDetails":[{"message":"thrown: \"Exceeded timeout of 10000 ms for a hook.\nAdd a timeout value to this test to increase the timeout, if this is a long-running test. See https://jestjs.io/docs/api#testname-fn-timeout.\""}],"failureMessages":["Error: thrown: \"Exceeded timeout of 10000 ms for a hook.\nAdd a timeout value to this test to increase the timeout, if this is a long-running test. See https://jestjs.io/docs/api#testname-fn-timeout.\"\n    at /Users/arpan1.mukherjee/code/FoodBot/packages/workflows/src/__tests__/processPayment.workflow.test.ts:39:3\n    at _dispatchDescribe (/Users/arpan1.mukherjee/code/FoodBot/node_modules/.pnpm/jest-circus@29.7.0/node_modules/jest-circus/build/index.js:91:26)\n    at describe (/Users/arpan1.mukherjee/code/FoodBot/node_modules/.pnpm/jest-circus@29.7.0/node_modules/jest-circus/build/index.js:55:5)\n    at Object.<anonymous> (/Users/arpan1.mukherjee/code/FoodBot/packages/workflows/src/__tests__/processPayment.workflow.test.ts:36:1)\n    at Runtime._execModule (/Users/arpan1.mukherjee/code/FoodBot/node_modules/.pnpm/jest-runtime@29.7.0/node_modules/jest-runtime/build/index.js:1439:24)\n    at Runtime._loadModule (/Users/arpan1.mukherjee/code/FoodBot/node_modules/.pnpm/jest-runtime@29.7.0/node_modules/jest-runtime/build/index.js:1022:12)\n    at Runtime.requireModule (/Users/arpan1.mukherjee/code/FoodBot/node_modules/.pnpm/jest-runtime@29.7.0/node_modules/jest-runtime/build/index.js:882:12)\n    at jestAdapter (/Users/arpan1.mukherjee/code/FoodBot/node_modules/.pnpm/jest-circus@29.7.0/node_modules/jest-circus/build/legacy-code-todo-rewrite/jestAdapter.js:77:13)\n    at processTicksAndRejections (node:internal/process/task_queues:105:5)\n    at runTestInternal (/Users/arpan1.mukherjee/code/FoodBot/node_modules/.pnpm/jest-runner@29.7.0/node_modules/jest-runner/build/runTest.js:367:16)\n    at runTest (/Users/arpan1.mukherjee/code/FoodBot/node_modules/.pnpm/jest-runner@29.7.0/node_modules/jest-runner/build/runTest.js:444:34)\n    at Object.worker (/Users/arpan1.mukherjee/code/FoodBot/node_modules/.pnpm/jest-runner@29.7.0/node_modules/jest-runner/build/testWorker.js:106:12)"],"fullName":"ProcessPaymentWorkflow Happy Path should successfully process card payment","invocations":1,"location":null,"numPassingAsserts":0,"retryReasons":[],"status":"failed","title":"should successfully process card payment"},{"ancestorTitles":["ProcessPaymentWorkflow","Happy Path"],"duration":1,"failureDetails":[{"message":"thrown: \"Exceeded timeout of 10000 ms for a hook.\nAdd a timeout value to this test to increase the timeout, if this is a long-running test. See https://jestjs.io/docs/api#testname-fn-timeout.\""}],"failureMessages":["Error: thrown: \"Exceeded timeout of 10000 ms for a hook.\nAdd a timeout value to this test to increase the timeout, if this is a long-running test. See https://jestjs.io/docs/api#testname-fn-timeout.\"\n    at /Users/arpan1.mukherjee/code/FoodBot/packages/workflows/src/__tests__/processPayment.workflow.test.ts:39:3\n    at _dispatchDescribe (/Users/arpan1.mukherjee/code/FoodBot/node_modules/.pnpm/jest-circus@29.7.0/node_modules/jest-circus/build/index.js:91:26)\n    at describe (/Users/arpan1.mukherjee/code/FoodBot/node_modules/.pnpm/jest-circus@29.7.0/node_modules/jest-circus/build/index.js:55:5)\n    at Object.<anonymous> (/Users/arpan1.mukherjee/code/FoodBot/packages/workflows/src/__tests__/processPayment.workflow.test.ts:36:1)\n    at Runtime._execModule (/Users/arpan1.mukherjee/code/FoodBot/node_modules/.pnpm/jest-runtime@29.7.0/node_modules/jest-runtime/build/index.js:1439:24)\n    at Runtime._loadModule (/Users/arpan1.mukherjee/code/FoodBot/node_modules/.pnpm/jest-runtime@29.7.0/node_modules/jest-runtime/build/index.js:1022:12)\n    at Runtime.requireModule (/Users/arpan1.mukherjee/code/FoodBot/node_modules/.pnpm/jest-runtime@29.7.0/node_modules/jest-runtime/build/index.js:882:12)\n    at jestAdapter (/Users/arpan1.mukherjee/code/FoodBot/node_modules/.pnpm/jest-circus@29.7.0/node_modules/jest-circus/build/legacy-code-todo-rewrite/jestAdapter.js:77:13)\n    at processTicksAndRejections (node:internal/process/task_queues:105:5)\n    at runTestInternal (/Users/arpan1.mukherjee/code/FoodBot/node_modules/.pnpm/jest-runner@29.7.0/node_modules/jest-runner/build/runTest.js:367:16)\n    at runTest (/Users/arpan1.mukherjee/code/FoodBot/node_modules/.pnpm/jest-runner@29.7.0/node_modules/jest-runner/build/runTest.js:444:34)\n    at Object.worker (/Users/arpan1.mukherjee/code/FoodBot/node_modules/.pnpm/jest-runner@29.7.0/node_modules/jest-runner/build/testWorker.js:106:12)"],"fullName":"ProcessPaymentWorkflow Happy Path should successfully process UPI payment","invocations":1,"location":null,"numPassingAsserts":0,"retryReasons":[],"status":"failed","title":"should successfully process UPI payment"},{"ancestorTitles":["ProcessPaymentWorkflow","Happy Path"],"duration":0,"failureDetails":[{"message":"thrown: \"Exceeded timeout of 10000 ms for a hook.\nAdd a timeout value to this test to increase the timeout, if this is a long-running test. See https://jestjs.io/docs/api#testname-fn-timeout.\""}],"failureMessages":["Error: thrown: \"Exceeded timeout of 10000 ms for a hook.\nAdd a timeout value to this test to increase the timeout, if this is a long-running test. See https://jestjs.io/docs/api#testname-fn-timeout.\"\n    at /Users/arpan1.mukherjee/code/FoodBot/packages/workflows/src/__tests__/processPayment.workflow.test.ts:39:3\n    at _dispatchDescribe (/Users/arpan1.mukherjee/code/FoodBot/node_modules/.pnpm/jest-circus@29.7.0/node_modules/jest-circus/build/index.js:91:26)\n    at describe (/Users/arpan1.mukherjee/code/FoodBot/node_modules/.pnpm/jest-circus@29.7.0/node_modules/jest-circus/build/index.js:55:5)\n    at Object.<anonymous> (/Users/arpan1.mukherjee/code/FoodBot/packages/workflows/src/__tests__/processPayment.workflow.test.ts:36:1)\n    at Runtime._execModule (/Users/arpan1.mukherjee/code/FoodBot/node_modules/.pnpm/jest-runtime@29.7.0/node_modules/jest-runtime/build/index.js:1439:24)\n    at Runtime._loadModule (/Users/arpan1.mukherjee/code/FoodBot/node_modules/.pnpm/jest-runtime@29.7.0/node_modules/jest-runtime/build/index.js:1022:12)\n    at Runtime.requireModule (/Users/arpan1.mukherjee/code/FoodBot/node_modules/.pnpm/jest-runtime@29.7.0/node_modules/jest-runtime/build/index.js:882:12)\n    at jestAdapter (/Users/arpan1.mukherjee/code/FoodBot/node_modules/.pnpm/jest-circus@29.7.0/node_modules/jest-circus/build/legacy-code-todo-rewrite/jestAdapter.js:77:13)\n    at processTicksAndRejections (node:internal/process/task_queues:105:5)\n    at runTestInternal (/Users/arpan1.mukherjee/code/FoodBot/node_modules/.pnpm/jest-runner@29.7.0/node_modules/jest-runner/build/runTest.js:367:16)\n    at runTest (/Users/arpan1.mukherjee/code/FoodBot/node_modules/.pnpm/jest-runner@29.7.0/node_modules/jest-runner/build/runTest.js:444:34)\n    at Object.worker (/Users/arpan1.mukherjee/code/FoodBot/node_modules/.pnpm/jest-runner@29.7.0/node_modules/jest-runner/build/testWorker.js:106:12)"],"fullName":"ProcessPaymentWorkflow Happy Path should successfully process wallet payment","invocations":1,"location":null,"numPassingAsserts":0,"retryReasons":[],"status":"failed","title":"should successfully process wallet payment"},{"ancestorTitles":["ProcessPaymentWorkflow","Payment Gateway Timeout"],"duration":0,"failureDetails":[{"message":"thrown: \"Exceeded timeout of 10000 ms for a hook.\nAdd a timeout value to this test to increase the timeout, if this is a long-running test. See https://jestjs.io/docs/api#testname-fn-timeout.\""}],"failureMessages":["Error: thrown: \"Exceeded timeout of 10000 ms for a hook.\nAdd a timeout value to this test to increase the timeout, if this is a long-running test. See https://jestjs.io/docs/api#testname-fn-timeout.\"\n    at /Users/arpan1.mukherjee/code/FoodBot/packages/workflows/src/__tests__/processPayment.workflow.test.ts:39:3\n    at _dispatchDescribe (/Users/arpan1.mukherjee/code/FoodBot/node_modules/.pnpm/jest-circus@29.7.0/node_modules/jest-circus/build/index.js:91:26)\n    at describe (/Users/arpan1.mukherjee/code/FoodBot/node_modules/.pnpm/jest-circus@29.7.0/node_modules/jest-circus/build/index.js:55:5)\n    at Object.<anonymous> (/Users/arpan1.mukherjee/code/FoodBot/packages/workflows/src/__tests__/processPayment.workflow.test.ts:36:1)\n    at Runtime._execModule (/Users/arpan1.mukherjee/code/FoodBot/node_modules/.pnpm/jest-runtime@29.7.0/node_modules/jest-runtime/build/index.js:1439:24)\n    at Runtime._loadModule (/Users/arpan1.mukherjee/code/FoodBot/node_modules/.pnpm/jest-runtime@29.7.0/node_modules/jest-runtime/build/index.js:1022:12)\n    at Runtime.requireModule (/Users/arpan1.mukherjee/code/FoodBot/node_modules/.pnpm/jest-runtime@29.7.0/node_modules/jest-runtime/build/index.js:882:12)\n    at jestAdapter (/Users/arpan1.mukherjee/code/FoodBot/node_modules/.pnpm/jest-circus@29.7.0/node_modules/jest-circus/build/legacy-code-todo-rewrite/jestAdapter.js:77:13)\n    at processTicksAndRejections (node:internal/process/task_queues:105:5)\n    at runTestInternal (/Users/arpan1.mukherjee/code/FoodBot/node_modules/.pnpm/jest-runner@29.7.0/node_modules/jest-runner/build/runTest.js:367:16)\n    at runTest (/Users/arpan1.mukherjee/code/FoodBot/node_modules/.pnpm/jest-runner@29.7.0/node_modules/jest-runner/build/runTest.js:444:34)\n    at Object.worker (/Users/arpan1.mukherjee/code/FoodBot/node_modules/.pnpm/jest-runner@29.7.0/node_modules/jest-runner/build/testWorker.js:106:12)"],"fullName":"ProcessPaymentWorkflow Payment Gateway Timeout should timeout and retry on slow gateway response","invocations":1,"location":null,"numPassingAsserts":0,"retryReasons":[],"status":"failed","title":"should timeout and retry on slow gateway response"},{"ancestorTitles":["ProcessPaymentWorkflow","Payment Gateway Timeout"],"duration":1,"failureDetails":[{"message":"thrown: \"Exceeded timeout of 10000 ms for a hook.\nAdd a timeout value to this test to increase the timeout, if this is a long-running test. See https://jestjs.io/docs/api#testname-fn-timeout.\""}],"failureMessages":["Error: thrown: \"Exceeded timeout of 10000 ms for a hook.\nAdd a timeout value to this test to increase the timeout, if this is a long-running test. See https://jestjs.io/docs/api#testname-fn-timeout.\"\n    at /Users/arpan1.mukherjee/code/FoodBot/packages/workflows/src/__tests__/processPayment.workflow.test.ts:39:3\n    at _dispatchDescribe (/Users/arpan1.mukherjee/code/FoodBot/node_modules/.pnpm/jest-circus@29.7.0/node_modules/jest-circus/build/index.js:91:26)\n    at describe (/Users/arpan1.mukherjee/code/FoodBot/node_modules/.pnpm/jest-circus@29.7.0/node_modules/jest-circus/build/index.js:55:5)\n    at Object.<anonymous> (/Users/arpan1.mukherjee/code/FoodBot/packages/workflows/src/__tests__/processPayment.workflow.test.ts:36:1)\n    at Runtime._execModule (/Users/arpan1.mukherjee/code/FoodBot/node_modules/.pnpm/jest-runtime@29.7.0/node_modules/jest-runtime/build/index.js:1439:24)\n    at Runtime._loadModule (/Users/arpan1.mukherjee/code/FoodBot/node_modules/.pnpm/jest-runtime@29.7.0/node_modules/jest-runtime/build/index.js:1022:12)\n    at Runtime.requireModule (/Users/arpan1.mukherjee/code/FoodBot/node_modules/.pnpm/jest-runtime@29.7.0/node_modules/jest-runtime/build/index.js:882:12)\n    at jestAdapter (/Users/arpan1.mukherjee/code/FoodBot/node_modules/.pnpm/jest-circus@29.7.0/node_modules/jest-circus/build/legacy-code-todo-rewrite/jestAdapter.js:77:13)\n    at processTicksAndRejections (node:internal/process/task_queues:105:5)\n    at runTestInternal (/Users/arpan1.mukherjee/code/FoodBot/node_modules/.pnpm/jest-runner@29.7.0/node_modules/jest-runner/build/runTest.js:367:16)\n    at runTest (/Users/arpan1.mukherjee/code/FoodBot/node_modules/.pnpm/jest-runner@29.7.0/node_modules/jest-runner/build/runTest.js:444:34)\n    at Object.worker (/Users/arpan1.mukherjee/code/FoodBot/node_modules/.pnpm/jest-runner@29.7.0/node_modules/jest-runner/build/testWorker.js:106:12)"],"fullName":"ProcessPaymentWorkflow Payment Gateway Timeout should fail after max timeout retries","invocations":1,"location":null,"numPassingAsserts":0,"retryReasons":[],"status":"failed","title":"should fail after max timeout retries"},{"ancestorTitles":["ProcessPaymentWorkflow","Payment Declined"],"duration":0,"failureDetails":[{"message":"thrown: \"Exceeded timeout of 10000 ms for a hook.\nAdd a timeout value to this test to increase the timeout, if this is a long-running test. See https://jestjs.io/docs/api#testname-fn-timeout.\""}],"failureMessages":["Error: thrown: \"Exceeded timeout of 10000 ms for a hook.\nAdd a timeout value to this test to increase the timeout, if this is a long-running test. See https://jestjs.io/docs/api#testname-fn-timeout.\"\n    at /Users/arpan1.mukherjee/code/FoodBot/packages/workflows/src/__tests__/processPayment.workflow.test.ts:39:3\n    at _dispatchDescribe (/Users/arpan1.mukherjee/code/FoodBot/node_modules/.pnpm/jest-circus@29.7.0/node_modules/jest-circus/build/index.js:91:26)\n    at describe (/Users/arpan1.mukherjee/code/FoodBot/node_modules/.pnpm/jest-circus@29.7.0/node_modules/jest-circus/build/index.js:55:5)\n    at Object.<anonymous> (/Users/arpan1.mukherjee/code/FoodBot/packages/workflows/src/__tests__/processPayment.workflow.test.ts:36:1)\n    at Runtime._execModule (/Users/arpan1.mukherjee/code/FoodBot/node_modules/.pnpm/jest-runtime@29.7.0/node_modules/jest-runtime/build/index.js:1439:24)\n    at Runtime._loadModule (/Users/arpan1.mukherjee/code/FoodBot/node_modules/.pnpm/jest-runtime@29.7.0/node_modules/jest-runtime/build/index.js:1022:12)\n    at Runtime.requireModule (/Users/arpan1.mukherjee/code/FoodBot/node_modules/.pnpm/jest-runtime@29.7.0/node_modules/jest-runtime/build/index.js:882:12)\n    at jestAdapter (/Users/arpan1.mukherjee/code/FoodBot/node_modules/.pnpm/jest-circus@29.7.0/node_modules/jest-circus/build/legacy-code-todo-rewrite/jestAdapter.js:77:13)\n    at processTicksAndRejections (node:internal/process/task_queues:105:5)\n    at runTestInternal (/Users/arpan1.mukherjee/code/FoodBot/node_modules/.pnpm/jest-runner@29.7.0/node_modules/jest-runner/build/runTest.js:367:16)\n    at runTest (/Users/arpan1.mukherjee/code/FoodBot/node_modules/.pnpm/jest-runner@29.7.0/node_modules/jest-runner/build/runTest.js:444:34)\n    at Object.worker (/Users/arpan1.mukherjee/code/FoodBot/node_modules/.pnpm/jest-runner@29.7.0/node_modules/jest-runner/build/testWorker.js:106:12)"],"fullName":"ProcessPaymentWorkflow Payment Declined should handle payment declined by bank","invocations":1,"location":null,"numPassingAsserts":0,"retryReasons":[],"status":"failed","title":"should handle payment declined by bank"},{"ancestorTitles":["ProcessPaymentWorkflow","Payment Declined"],"duration":0,"failureDetails":[{"message":"thrown: \"Exceeded timeout of 10000 ms for a hook.\nAdd a timeout value to this test to increase the timeout, if this is a long-running test. See https://jestjs.io/docs/api#testname-fn-timeout.\""}],"failureMessages":["Error: thrown: \"Exceeded timeout of 10000 ms for a hook.\nAdd a timeout value to this test to increase the timeout, if this is a long-running test. See https://jestjs.io/docs/api#testname-fn-timeout.\"\n    at /Users/arpan1.mukherjee/code/FoodBot/packages/workflows/src/__tests__/processPayment.workflow.test.ts:39:3\n    at _dispatchDescribe (/Users/arpan1.mukherjee/code/FoodBot/node_modules/.pnpm/jest-circus@29.7.0/node_modules/jest-circus/build/index.js:91:26)\n    at describe (/Users/arpan1.mukherjee/code/FoodBot/node_modules/.pnpm/jest-circus@29.7.0/node_modules/jest-circus/build/index.js:55:5)\n    at Object.<anonymous> (/Users/arpan1.mukherjee/code/FoodBot/packages/workflows/src/__tests__/processPayment.workflow.test.ts:36:1)\n    at Runtime._execModule (/Users/arpan1.mukherjee/code/FoodBot/node_modules/.pnpm/jest-runtime@29.7.0/node_modules/jest-runtime/build/index.js:1439:24)\n    at Runtime._loadModule (/Users/arpan1.mukherjee/code/FoodBot/node_modules/.pnpm/jest-runtime@29.7.0/node_modules/jest-runtime/build/index.js:1022:12)\n    at Runtime.requireModule (/Users/arpan1.mukherjee/code/FoodBot/node_modules/.pnpm/jest-runtime@29.7.0/node_modules/jest-runtime/build/index.js:882:12)\n    at jestAdapter (/Users/arpan1.mukherjee/code/FoodBot/node_modules/.pnpm/jest-circus@29.7.0/node_modules/jest-circus/build/legacy-code-todo-rewrite/jestAdapter.js:77:13)\n    at processTicksAndRejections (node:internal/process/task_queues:105:5)\n    at runTestInternal (/Users/arpan1.mukherjee/code/FoodBot/node_modules/.pnpm/jest-runner@29.7.0/node_modules/jest-runner/build/runTest.js:367:16)\n    at runTest (/Users/arpan1.mukherjee/code/FoodBot/node_modules/.pnpm/jest-runner@29.7.0/node_modules/jest-runner/build/runTest.js:444:34)\n    at Object.worker (/Users/arpan1.mukherjee/code/FoodBot/node_modules/.pnpm/jest-runner@29.7.0/node_modules/jest-runner/build/testWorker.js:106:12)"],"fullName":"ProcessPaymentWorkflow Payment Declined should handle card declined for fraud suspicion","invocations":1,"location":null,"numPassingAsserts":0,"retryReasons":[],"status":"failed","title":"should handle card declined for fraud suspicion"},{"ancestorTitles":["ProcessPaymentWorkflow","Retry Logic"],"duration":0,"failureDetails":[{"message":"thrown: \"Exceeded timeout of 10000 ms for a hook.\nAdd a timeout value to this test to increase the timeout, if this is a long-running test. See https://jestjs.io/docs/api#testname-fn-timeout.\""}],"failureMessages":["Error: thrown: \"Exceeded timeout of 10000 ms for a hook.\nAdd a timeout value to this test to increase the timeout, if this is a long-running test. See https://jestjs.io/docs/api#testname-fn-timeout.\"\n    at /Users/arpan1.mukherjee/code/FoodBot/packages/workflows/src/__tests__/processPayment.workflow.test.ts:39:3\n    at _dispatchDescribe (/Users/arpan1.mukherjee/code/FoodBot/node_modules/.pnpm/jest-circus@29.7.0/node_modules/jest-circus/build/index.js:91:26)\n    at describe (/Users/arpan1.mukherjee/code/FoodBot/node_modules/.pnpm/jest-circus@29.7.0/node_modules/jest-circus/build/index.js:55:5)\n    at Object.<anonymous> (/Users/arpan1.mukherjee/code/FoodBot/packages/workflows/src/__tests__/processPayment.workflow.test.ts:36:1)\n    at Runtime._execModule (/Users/arpan1.mukherjee/code/FoodBot/node_modules/.pnpm/jest-runtime@29.7.0/node_modules/jest-runtime/build/index.js:1439:24)\n    at Runtime._loadModule (/Users/arpan1.mukherjee/code/FoodBot/node_modules/.pnpm/jest-runtime@29.7.0/node_modules/jest-runtime/build/index.js:1022:12)\n    at Runtime.requireModule (/Users/arpan1.mukherjee/code/FoodBot/node_modules/.pnpm/jest-runtime@29.7.0/node_modules/jest-runtime/build/index.js:882:12)\n    at jestAdapter (/Users/arpan1.mukherjee/code/FoodBot/node_modules/.pnpm/jest-circus@29.7.0/node_modules/jest-circus/build/legacy-code-todo-rewrite/jestAdapter.js:77:13)\n    at processTicksAndRejections (node:internal/process/task_queues:105:5)\n    at runTestInternal (/Users/arpan1.mukherjee/code/FoodBot/node_modules/.pnpm/jest-runner@29.7.0/node_modules/jest-runner/build/runTest.js:367:16)\n    at runTest (/Users/arpan1.mukherjee/code/FoodBot/node_modules/.pnpm/jest-runner@29.7.0/node_modules/jest-runner/build/runTest.js:444:34)\n    at Object.worker (/Users/arpan1.mukherjee/code/FoodBot/node_modules/.pnpm/jest-runner@29.7.0/node_modules/jest-runner/build/testWorker.js:106:12)"],"fullName":"ProcessPaymentWorkflow Retry Logic should retry on transient network errors","invocations":1,"location":null,"numPassingAsserts":0,"retryReasons":[],"status":"failed","title":"should retry on transient network errors"},{"ancestorTitles":["ProcessPaymentWorkflow","Retry Logic"],"duration":0,"failureDetails":[{"message":"thrown: \"Exceeded timeout of 10000 ms for a hook.\nAdd a timeout value to this test to increase the timeout, if this is a long-running test. See https://jestjs.io/docs/api#testname-fn-timeout.\""}],"failureMessages":["Error: thrown: \"Exceeded timeout of 10000 ms for a hook.\nAdd a timeout value to this test to increase the timeout, if this is a long-running test. See https://jestjs.io/docs/api#testname-fn-timeout.\"\n    at /Users/arpan1.mukherjee/code/FoodBot/packages/workflows/src/__tests__/processPayment.workflow.test.ts:39:3\n    at _dispatchDescribe (/Users/arpan1.mukherjee/code/FoodBot/node_modules/.pnpm/jest-circus@29.7.0/node_modules/jest-circus/build/index.js:91:26)\n    at describe (/Users/arpan1.mukherjee/code/FoodBot/node_modules/.pnpm/jest-circus@29.7.0/node_modules/jest-circus/build/index.js:55:5)\n    at Object.<anonymous> (/Users/arpan1.mukherjee/code/FoodBot/packages/workflows/src/__tests__/processPayment.workflow.test.ts:36:1)\n    at Runtime._execModule (/Users/arpan1.mukherjee/code/FoodBot/node_modules/.pnpm/jest-runtime@29.7.0/node_modules/jest-runtime/build/index.js:1439:24)\n    at Runtime._loadModule (/Users/arpan1.mukherjee/code/FoodBot/node_modules/.pnpm/jest-runtime@29.7.0/node_modules/jest-runtime/build/index.js:1022:12)\n    at Runtime.requireModule (/Users/arpan1.mukherjee/code/FoodBot/node_modules/.pnpm/jest-runtime@29.7.0/node_modules/jest-runtime/build/index.js:882:12)\n    at jestAdapter (/Users/arpan1.mukherjee/code/FoodBot/node_modules/.pnpm/jest-circus@29.7.0/node_modules/jest-circus/build/legacy-code-todo-rewrite/jestAdapter.js:77:13)\n    at processTicksAndRejections (node:internal/process/task_queues:105:5)\n    at runTestInternal (/Users/arpan1.mukherjee/code/FoodBot/node_modules/.pnpm/jest-runner@29.7.0/node_modules/jest-runner/build/runTest.js:367:16)\n    at runTest (/Users/arpan1.mukherjee/code/FoodBot/node_modules/.pnpm/jest-runner@29.7.0/node_modules/jest-runner/build/runTest.js:444:34)\n    at Object.worker (/Users/arpan1.mukherjee/code/FoodBot/node_modules/.pnpm/jest-runner@29.7.0/node_modules/jest-runner/build/testWorker.js:106:12)"],"fullName":"ProcessPaymentWorkflow Retry Logic should use exponential backoff for retries","invocations":1,"location":null,"numPassingAsserts":0,"retryReasons":[],"status":"failed","title":"should use exponential backoff for retries"},{"ancestorTitles":["ProcessPaymentWorkflow","Idempotency"],"duration":0,"failureDetails":[{"message":"thrown: \"Exceeded timeout of 10000 ms for a hook.\nAdd a timeout value to this test to increase the timeout, if this is a long-running test. See https://jestjs.io/docs/api#testname-fn-timeout.\""}],"failureMessages":["Error: thrown: \"Exceeded timeout of 10000 ms for a hook.\nAdd a timeout value to this test to increase the timeout, if this is a long-running test. See https://jestjs.io/docs/api#testname-fn-timeout.\"\n    at /Users/arpan1.mukherjee/code/FoodBot/packages/workflows/src/__tests__/processPayment.workflow.test.ts:39:3\n    at _dispatchDescribe (/Users/arpan1.mukherjee/code/FoodBot/node_modules/.pnpm/jest-circus@29.7.0/node_modules/jest-circus/build/index.js:91:26)\n    at describe (/Users/arpan1.mukherjee/code/FoodBot/node_modules/.pnpm/jest-circus@29.7.0/node_modules/jest-circus/build/index.js:55:5)\n    at Obje
[...]
us_2)","decl":{"start":{"line":59,"column":2},"end":{"line":59,"column":7}},"loc":{"start":{"line":62,"column":30},"end":{"line":87,"column":3}}},"3":{"name":"(anonymous_3)","decl":{"start":{"line":78,"column":33},"end":{"line":78,"column":38}},"loc":{"start":{"line":78,"column":44},"end":{"line":86,"column":5}}},"4":{"name":"(anonymous_4)","decl":{"start":{"line":92,"column":2},"end":{"line":92,"column":7}},"loc":{"start":{"line":95,"column":30},"end":{"line":106,"column":3}}},"5":{"name":"(anonymous_5)","decl":{"start":{"line":111,"column":2},"end":{"line":111,"column":7}},"loc":{"start":{"line":111,"column":16},"end":{"line":116,"column":3}}},"6":{"name":"(anonymous_6)","decl":{"start":{"line":121,"column":2},"end":{"line":121,"column":12}},"loc":{"start":{"line":121,"column":12},"end":{"line":126,"column":3}}},"7":{"name":"(anonymous_7)","decl":{"start":{"line":141,"column":2},"end":{"line":141,"column":13}},"loc":{"start":{"line":141,"column":37},"end":{"line":145,"column":3}}},"8":{"name":"(anonymous_8)","decl":{"start":{"line":150,"column":2},"end":{"line":150,"column":13}},"loc":{"start":{"line":150,"column":32},"end":{"line":154,"column":3}}},"9":{"name":"(anonymous_9)","decl":{"start":{"line":159,"column":7},"end":{"line":159,"column":12}},"loc":{"start":{"line":159,"column":50},"end":{"line":173,"column":3}}},"10":{"name":"(anonymous_10)","decl":{"start":{"line":178,"column":2},"end":{"line":178,"column":10}},"loc":{"start":{"line":178,"column":10},"end":{"line":180,"column":3}}},"11":{"name":"(anonymous_11)","decl":{"start":{"line":185,"column":2},"end":{"line":185,"column":14}},"loc":{"start":{"line":185,"column":14},"end":{"line":187,"column":3}}},"12":{"name":"(anonymous_12)","decl":{"start":{"line":192,"column":2},"end":{"line":192,"column":15}},"loc":{"start":{"line":192,"column":30},"end":{"line":194,"column":3}}},"13":{"name":"(anonymous_13)","decl":{"start":{"line":193,"column":27},"end":{"line":193,"column":28}},"loc":{"start":{"line":193,"column":37},"end":{"line":193,"column":82}}},"14":{"name":"(anonymous_14)","decl":{"start":{"line":199,"column":2},"end":{"line":199,"column":7}},"loc":{"start":{"line":199,"column":7},"end":{"line":204,"column":3}}},"15":{"name":"createMockActivity","decl":{"start":{"line":210,"column":16},"end":{"line":210,"column":34}},"loc":{"start":{"line":210,"column":34},"end":{"line":215,"column":1}}},"16":{"name":"sleep","decl":{"start":{"line":220,"column":16},"end":{"line":220,"column":21}},"loc":{"start":{"line":220,"column":32},"end":{"line":222,"column":1}}},"17":{"name":"(anonymous_17)","decl":{"start":{"line":221,"column":21},"end":{"line":221,"column":22}},"loc":{"start":{"line":221,"column":34},"end":{"line":221,"column":57}}},"18":{"name":"waitFor","decl":{"start":{"line":227,"column":22},"end":{"line":227,"column":29}},"loc":{"start":{"line":230,"column":26},"end":{"line":242,"column":1}}},"19":{"name":"(anonymous_19)","decl":{"start":{"line":250,"column":37},"end":{"line":250,"column":38}},"loc":{"start":{"line":250,"column":47},"end":{"line":252,"column":3}}},"20":{"name":"(anonymous_20)","decl":{"start":{"line":254,"column":2},"end":{"line":254,"column":9}},"loc":{"start":{"line":254,"column":9},"end":{"line":256,"column":3}}},"21":{"name":"(anonymous_21)","decl":{"start":{"line":258,"column":2},"end":{"line":258,"column":16}},"loc":{"start":{"line":258,"column":16},"end":{"line":260,"column":3}}},"22":{"name":"(anonymous_22)","decl":{"start":{"line":259,"column":25},"end":{"line":259,"column":26}},"loc":{"start":{"line":259,"column":36},"end":{"line":259,"column":49}}},"23":{"name":"(anonymous_23)","decl":{"start":{"line":262,"column":2},"end":{"line":262,"column":16}},"loc":{"start":{"line":262,"column":41},"end":{"line":269,"column":3}}},"24":{"name":"(anonymous_24)","decl":{"start":{"line":263,"column":26},"end":{"line":263,"column":27}},"loc":{"start":{"line":263,"column":36},"end":{"line":268,"column":5}}},"25":{"name":"(anonymous_25)","decl":{"start":{"line":271,"column":2},"end":{"line":271,"column":7}},"loc":{"start":{"line":271,"column":7},"end":{"line":273,"column":3}}}},"branchMap":{"0":{"loc":{"start":{"line":37,"column":4},"end":{"line":39,"column":5}},"type":"if","locations":[{"start":{"line":37,"column":4},"end":{"line":39,"column":5}}]},"1":{"loc":{"start":{"line":45,"column":17},"end":{"line":45,"column":43}},"type":"binary-expr","locations":[{"start":{"line":45,"column":17},"end":{"line":45,"column":33}},{"start":{"line":45,"column":37},"end":{"line":45,"column":43}}]},"2":{"loc":{"start":{"line":46,"column":21},"end":{"line":46,"column":76}},"type":"binary-expr","locations":[{"start":{"line":46,"column":21},"end":{"line":46,"column":41}},{"start":{"line":46,"column":45},"end":{"line":46,"column":76}}]},"3":{"loc":{"start":{"line":47,"column":18},"end":{"line":47,"column":41}},"type":"binary-expr","locations":[{"start":{"line":47,"column":18},"end":{"line":47,"column":35}},{"start":{"line":47,"column":39},"end":{"line":47,"column":41}}]},"4":{"loc":{"start":{"line":62,"column":4},"end":{"line":62,"column":30}},"type":"default-arg","locations":[{"start":{"line":62,"column":28},"end":{"line":62,"column":30}}]},"5":{"loc":{"start":{"line":64,"column":4},"end":{"line":66,"column":5}},"type":"if","locations":[{"start":{"line":64,"column":4},"end":{"line":66,"column":5}}]},"6":{"loc":{"start":{"line":69,"column":22},"end":{"line":69,"column":48}},"type":"binary-expr","locations":[{"start":{"line":69,"column":22},"end":{"line":69,"column":38}},{"start":{"line":69,"column":42},"end":{"line":69,"column":48}}]},"7":{"loc":{"start":{"line":74,"column":21},"end":{"line":74,"column":76}},"type":"binary-expr","locations":[{"start":{"line":74,"column":21},"end":{"line":74,"column":41}},{"start":{"line":74,"column":45},"end":{"line":74,"column":76}}]},"8":{"loc":{"start":{"line":75,"column":18},"end":{"line":75,"column":41}},"type":"binary-expr","locations":[{"start":{"line":75,"column":18},"end":{"line":75,"column":35}},{"start":{"line":75,"column":39},"end":{"line":75,"column":41}}]},"9":{"loc":{"start":{"line":95,"column":4},"end":{"line":95,"column":30}},"type":"default-arg","locations":[{"start":{"line":95,"column":28},"end":{"line":95,"column":30}}]},"10":{"loc":{"start":{"line":101,"column":6},"end":{"line":103,"column":7}},"type":"if","locations":[{"start":{"line":101,"column":6},"end":{"line":103,"column":7}}]},"11":{"loc":{"start":{"line":112,"column":4},"end":{"line":115,"column":5}},"type":"if","locations":[{"start":{"line":112,"column":4},"end":{"line":115,"column":5}}]},"12":{"loc":{"start":{"line":122,"column":4},"end":{"line":124,"column":5}},"type":"if","locations":[{"start":{"line":122,"column":4},"end":{"line":124,"column":5}}]},"13":{"loc":{"start":{"line":162,"column":4},"end":{"line":164,"column":5}},"type":"if","locations":[{"start":{"line":162,"column":4},"end":{"line":164,"column":5}}]},"14":{"loc":{"start":{"line":162,"column":8},"end":{"line":162,"column":72}},"type":"binary-expr","locations":[{"start":{"line":162,"column":8},"end":{"line":162,"column":30}},{"start":{"line":162,"column":34},"end":{"line":162,"column":72}}]},"15":{"loc":{"start":{"line":166,"column":4},"end":{"line":170,"column":5}},"type":"if","locations":[{"start":{"line":166,"column":4},"end":{"line":170,"column":5}}]},"16":{"loc":{"start":{"line":229,"column":2},"end":{"line":229,"column":26}},"type":"default-arg","locations":[{"start":{"line":229,"column":22},"end":{"line":229,"column":26}}]},"17":{"loc":{"start":{"line":230,"column":2},"end":{"line":230,"column":26}},"type":"default-arg","locations":[{"start":{"line":230,"column":23},"end":{"line":230,"column":26}}]},"18":{"loc":{"start":{"line":235,"column":4},"end":{"line":237,"column":5}},"type":"if","locations":[{"start":{"line":235,"column":4},"end":{"line":237,"column":5}}]},"19":{"loc":{"start":{"line":264,"column":6},"end":{"line":266,"column":7}},"type":"if","locations":[{"start":{"line":264,"column":6},"end":{"line":266,"column":7}}]}},"s":{"0":3,"1":3,"2":3,"3":3,"4":3,"5":3,"6":0,"7":0,"8":0,"9":0,"10":0,"11":0,"12":0,"13":0,"14":0,"15":0,"16":0,"17":0,"18":0,"19":0,"20":0,"21":0,"22":0,"23":0,"24":0,"25":0,"26":0,"27":0,"28":0,"29":0,"30":0,"31":0,"32":0,"33":0,"34":0,"35":3,"36":132,"37":132,"38":132,"39":132,"40":0,"41":0,"42":0,"43":0,"44":0,"45":0,"46":132,"47":0,"48":0,"49":0,"50":0,"51":0,"52":0,"53":0,"54":0,"55":0,"56":0,"57":0,"58":0,"59":0,"60":0,"61":0,"62":0,"63":3,"64":132,"65":0,"66":0,"67":0,"68":0,"69":0,"70":0,"71":0,"72":0,"73":0,"74":0,"75":0,"76":0,"77":0,"78":0,"79":0,"80":0,"81":0,"82":0,"83":0,"84":3},"f":{"0":0,"1":0,"2":0,"3":0,"4":0,"5":0,"6":0,"7":0,"8":0,"9":0,"10":0,"11":0,"12":0,"13":0,"14":0,"15":132,"16":0,"17":0,"18":0,"19":0,"20":0,"21":0,"22":0,"23":0,"24":0,"25":0},"b":{"0":[0],"1":[0,0],"2":[0,0],"3":[0,0],"4":[0],"5":[0],"6":[0,0],"7":[0,0],"8":[0,0],"9":[0],"10":[0],"11":[0],"12":[0],"13":[0],"14":[0,0],"15":[0],"16":[0],"17":[0],"18":[0],"19":[0]}},"/Users/arpan1.mukherjee/code/FoodBot/packages/workflows/src/test/factories/workflow-input.factory.ts":{"path":"/Users/arpan1.mukherjee/code/FoodBot/packages/workflows/src/test/factories/workflow-input.factory.ts","statementMap":{"0":{"start":{"line":42,"column":0},"end":{"line":42,"column":16}},"1":{"start":{"line":63,"column":0},"end":{"line":63,"column":16}},"2":{"start":{"line":81,"column":0},"end":{"line":81,"column":16}},"3":{"start":{"line":89,"column":0},"end":{"line":89,"column":16}},"4":{"start":{"line":106,"column":0},"end":{"line":106,"column":16}},"5":{"start":{"line":114,"column":0},"end":{"line":114,"column":16}},"6":{"start":{"line":124,"column":0},"end":{"line":124,"column":16}},"7":{"start":{"line":128,"column":0},"end":{"line":128,"column":16}},"8":{"start":{"line":156,"column":0},"end":{"line":156,"column":16}},"9":{"start":{"line":168,"column":0},"end":{"line":168,"column":16}},"10":{"start":{"line":179,"column":0},"end":{"line":179,"column":16}},"11":{"start":{"line":189,"column":0},"end":{"line":189,"column":16}},"12":{"start":{"line":201,"column":0},"end":{"line":201,"column":16}},"13":{"start":{"line":222,"column":0},"end":{"line":222,"column":16}},"14":{"start":{"line":236,"column":0},"end":{"line":236,"column":16}},"15":{"start":{"line":247,"column":0},"end":{"line":247,"column":16}},"16":{"start":{"line":266,"column":0},"end":{"line":266,"column":16}},"17":{"start":{"line":279,"column":0},"end":{"line":279,"column":16}},"18":{"start":{"line":295,"column":0},"end":{"line":295,"column":16}},"19":{"start":{"line":329,"column":0},"end":{"line":329,"column":16}},"20":{"start":{"line":358,"column":0},"end":{"line":358,"column":16}},"21":{"start":{"line":384,"column":0},"end":{"line":384,"column":16}},"22":{"start":{"line":409,"column":0},"end":{"line":409,"column":16}},"23":{"start":{"line":426,"column":0},"end":{"line":426,"column":16}},"24":{"start":{"line":27,"column":2},"end":{"line":27,"column":78}},"25":{"start":{"line":31,"column":2},"end":{"line":31,"column":59}},"26":{"start":{"line":35,"column":2},"end":{"line":35,"column":43}},"27":{"start":{"line":43,"column":2},"end":{"line":56,"column":4}},"28":{"start":{"line":64,"column":19},"end":{"line":64,"column":82}},"29":{"start":{"line":66,"column":2},"end":{"line":78,"column":4}},"30":{"start":{"line":82,"column":2},"end":{"line":82,"column":74}},"31":{"start":{"line":82,"column":45},"end":{"line":82,"column":72}},"32":{"start":{"line":90,"column":21},"end":{"line":90,"column":80}},"33":{"start":{"line":91,"column":22},"end":{"line":91,"column":83}},"34":{"start":{"line":93,"column":2},"end":{"line":103,"column":4}},"35":{"start":{"line":107,"column":2},"end":{"line":107,"column":68}},"36":{"start":{"line":107,"column":45},"end":{"line":107,"column":66}},"37":{"start":{"line":115,"column":2},"end":{"line":121,"column":4}},"38":{"start":{"line":125,"column":2},"end":{"line":125,"column":72}},"39":{"start":{"line":125,"column":45},"end":{"line":125,"column":70}},"40":{"start":{"line":129,"column":38},"end":{"line":136,"column":4}},"41":{"start":{"line":138,"column":2},"end":{"line":149,"column":4}},"42":{"start":{"line":157,"column":46},"end":{"line":157,"column":79}},"43":{"start":{"line":159,"column":2},"end":{"line":165,"column":4}},"44":{"start":{"line":169,"column":46},"end":{"line":169,"column":78}},"45":{"start":{"line":171,"column":2},"end":{"line":176,"column":4}},"46":{"start":{"line":182,"column":2},"end":{"line":186,"column":5}},"47":{"start":{"line":190,"column":2},"end":{"line":194,"column":5}},"48":{"start":{"line":204,"column":21},"end":{"line":204,"column":99}},"49":{"start":{"line":205,"column":21},"end":{"line":205,"column":65}},"50":{"start":{"line":207,"column":2},"end":{"line":219,"column":4}},"51":{"start":{"line":223,"column":42},"end":{"line":223,"column":64}},"52":{"start":{"line":225,"column":2},"end":{"line":233,"column":4}},"53":{"start":{"line":240,"column":2},"end":{"line":240,"column":78}},"54":{"start":{"line":240,"column":45},"end":{"line":240,"column":76}},"55":{"start":{"line":248,"column":16},"end":{"line":255,"column":4}},"56":{"start":{"line":257,"column":2},"end":{"line":263,"column":4}},"57":{"start":{"line":267,"column":2},"end":{"line":276,"column":5}},"58":{"start":{"line":280,"column":2},"end":{"line":288,"column":5}},"59":{"start":{"line":298,"column":2},"end":{"line":322,"column":4}},"60":{"start":{"line":330,"column":40},"end":{"line":330,"column":74}},"61":{"start":{"line":332,"column":2},"end":{"line":339,"column":4}},"62":{"start":{"line":361,"column":2},"end":{"line":370,"column":4}},"63":{"start":{"line":385,"column":2},"end":{"line":394,"column":4}},"64":{"start":{"line":410,"column":2},"end":{"line":417,"column":4}},"65":{"start":{"line":427,"column":2},"end":{"line":432,"column":4}}},"fnMap":{"0":{"name":"generateId","decl":{"start":{"line":26,"column":9},"end":{"line":26,"column":19}},"loc":{"start":{"line":26,"column":34},"end":{"line":28,"column":1}}},"1":{"name":"randomInt","decl":{"start":{"line":30,"column":9},"end":{"line":30,"column":18}},"loc":{"start":{"line":30,"column":43},"end":{"line":32,"column":1}}},"2":{"name":"randomChoice","decl":{"start":{"line":34,"column":9},"end":{"line":34,"column":21}},"loc":{"start":{"line":34,"column":33},"end":{"line":36,"column":1}}},"3":{"name":"createUserContext","decl":{"start":{"line":42,"column":16},"end":{"line":42,"column":33}},"loc":{"start":{"line":42,"column":66},"end":{"line":57,"column":1}}},"4":{"name":"createRestaurant","decl":{"start":{"line":63,"column":16},"end":{"line":63,"column":32}},"loc":{"start":{"line":63,"column":64},"end":{"line":79,"column":1}}},"5":{"name":"createRestaurants","decl":{"start":{"line":81,"column":16},"end":{"line":81,"column":33}},"loc":{"start":{"line":81,"column":80},"end":{"line":83,"column":1}}},"6":{"name":"(anonymous_6)","decl":{"start":{"line":82,"column":39},"end":{"line":82,"column":42}},"loc":{"start":{"line":82,"column":45},"end":{"line":82,"column":72}}},"7":{"name":"createDish","decl":{"start":{"line":89,"column":16},"end":{"line":89,"column":26}},"loc":{"start":{"line":89,"column":52},"end":{"line":104,"column":1}}},"8":{"name":"createDishes","decl":{"start":{"line":106,"column":16},"end":{"line":106,"column":28}},"loc":{"start":{"line":106,"column":69},"end":{"line":108,"column":1}}},"9":{"name":"(anonymous_9)","decl":{"start":{"line":107,"column":39},"end":{"line":107,"column":42}},"loc":{"start":{"line":107,"column":45},"end":{"line":107,"column":66}}},"10":{"name":"createCartItem","decl":{"start":{"line":114,"column":16},"end":{"line":114,"column":30}},"loc":{"start":{"line":114,"column":60},"end":{"line":122,"column":1}}},"11":{"name":"createCartItems","decl":{"start":{"line":124,"column":16},"end":{"line":124,"column":31}},"loc":{"start":{"line":124,"column":76},"end":{"line":126,"column":1}}},"12":{"name":"(anonymous_12)","decl":{"start":{"line":125,"column":39},"end":{"line":125,"column":42}},"loc":{"start":{"line":125,"column":45},"end":{"line":125,"column":70}}},"13":{"name":"createOrder","decl":{"start":{"line":128,"column":16},"end":{"line":128,"column":27}},"loc":{"start":{"line":128,"column":54},"end":{"line":150,"column":1}}},"14":{"name":"createPaymentDetails","decl":{"start":{"line":156,"column":16},"end":{"line":156,"column":36}},"loc":{"start":{"line":156,"column":72},"end":{"line":166,"column":1}}},"15":{"name":"createPaymentResult","decl":{"start":{"line":168,"column":16},"end":{"line":168,"column":35}},"loc":{"start":{"line":168,"column":70},"end":{"line":177,"column":1}}},"16":{"name":"createSuccessfulPaymentResult","decl":{"start":{"line":179,"column":16},"end":{"line":179,"column":45}},"loc":{"start":{"line":180,"column":36},"end":{"line":187,"column":1}}},"17":{"name":"createFailedPaymentResult","decl":{"start":{"line":189,"column":16},"end":{"line":189,"column":41}},"loc":{"start":{"line":189,"column":76},"end":{"line":195,"column":1}}},"18":{"name":"createRecommendationContext","decl":{"start":{"line":201,"column":16},"end":{"line":201,"column":43}},"loc":{"start":{"line":202,"column":44},"end":{"line":220,"column":1}}},"19":{"name":"createRecommendation","decl":{"start":{"line":222,"column":16},"end":{"line":222,"column":36}},"loc":{"start":{"line":222,"column":72},"end":{"line":234,"column":1}}},"20":{"name":"createRecommendations","decl":{"start":{"line":236,"column":16},"end":{"line":236,"column":37}},"loc":{"start":{"line":238,"column":37},"end":{"line":241,"column":1}}},"21":{"name":"(anonymous_21)","decl":{"start":{"line":240,"column":39},"end":{"line":240,"column":42}},"loc":{"start":{"line":240,"column":45},"end":{"line":240,"column":76}}},"22":{"name":"createIntent","decl":{"start":{"line":247,"column":16},"end":{"line":247,"column":28}},"loc":{"start":{"line":247,"column":56},"end":{"line":264,"column":1}}},"23":{"name":"createSearchRestaurantIntent","decl":{"start":{"line":266,"column":16},"end":{"line":266,"column":44}},"loc":{"start":{"line":266,"column":72},"end":{"line":277,"column":1}}},"24":{"name":"createPlaceOrderIntent","decl":{"start":{"line":279,"column":16},"end":{"line":279,"column":38}},"loc":{"start":{"line":279,"column":66},"end":{"line":289,"column":1}}},"25":{"name":"createWorkflowDefinition","decl":{"start":{"line":295,"column":16},"end":{"line":295,"column":40}},"loc":{"start":{"line":296,"column":41},"end":{"line":323,"column":1}}},"26":{"name":"createNotification","decl":{"start":{"line":329,"column":16},"end":{"line":329,"column":34}},"loc":{"start":{"line":329,"column":68},"end":{"line":340,"column":1}}},"27":{"name":"createSearchRestaurantInput","decl":{"start":{"line":358,"column":16},"end":{"line":358,"column":43}},"loc":{"start":{"line":359,"column":44},"end":{"line":371,"column":1}}},"28":{"name":"createSearchDishInput","decl":{"start":{"line":384,"column":16},"end":{"line":384,"column":37}},"loc":{"start":{"line":384,"column":74},"end":{"line":395,"column":1}}},"29":{"name":"createPlaceOrderInput","decl":{"start":{"line":409,"column":16},"end":{"line":409,"column":37}},"loc":{"start":{"line":409,"column":74},"end":{"line":418,"column":1}}},"30":{"name":"createCancelOrderInput","decl":{"start":{"line":426,"column":16},"end":{"line":426,"column":38}},"loc":{"start":{"line":426,"column":76},"end":{"line":433,"column":1}}}},"branchMap":{},"s":{"0":3,"1":3,"2":3,"3":3,"4":3,"5":3,"6":3,"7":3,"8":3,"9":3,"10":3,"11":3,"12":3,"13":3,"14":3,"15":3,"16":3,"17":3,"18":3,"19":3,"20":3,"21":3,"22":3,"23":3,"24":0,"25":0,"26":0,"27":0,"28":0,"29":0,"30":0,"31":0,"32":0,"33":0,"34":0,"35":0,"36":0,"37":0,"38":0,"39":0,"40":0,"41":0,"42":0,"43":0,"44":0,"45":0,"46":0,"47":0,"48":0,"49":0,"50":0,"51":0,"52":0,"53":0,"54":0,"55":0,"56":0,"57":0,"58":0,"59":0,"60":0,"61":0,"62":0,"63":0,"64":0,"65":0},"f":{"0":0,"1":0,"2":0,"3":0,"4":0,"5":0,"6":0,"7":0,"8":0,"9":0,"10":0,"11":0,"12":0,"13":0,"14":0,"15":0,"16":0,"17":0,"18":0,"19":0,"20":0,"21":0,"22":0,"23":0,"24":0,"25":0,"26":0,"27":0,"28":0,"29":0,"30":0},"b":{}}}}
