{"numFailedTestSuites":3,"numFailedTests":36,"numPassedTestSuites":0,"numPassedTests":0,"numPendingTestSuites":0,"numPendingTests":0,"numRuntimeErrorTestSuites":0,"numTodoTests":0,"numTotalTestSuites":3,"numTotalTests":36,"openHandles":[],"snapshot":{"added":0,"didUpdate":false,"failure":false,"filesAdded":0,"filesRemoved":0,"filesRemovedList":[],"filesUnmatched":0,"filesUpdated":0,"matched":0,"total":0,"unchecked":0,"uncheckedKeysByFile":[],"unmatched":0,"updated":0},"startTime":1771317302720,"success":false,"testResults":[{"assertionResults":[{"ancestorTitles":["PlaceOrderWorkflow","Happy Path"],"duration":9,"failureDetails":[{}],"failureMessages":["Error: Failed to start ephemeral server: Temp download file at /var/folders/by/kddhf0g569g47k30d8wjkttngt9np1/T/temporal-sdk-typescript-1.14.1.downloading not complete after 20 seconds. Make sure another download isn't running for too long and delete the temp file."],"fullName":"PlaceOrderWorkflow Happy Path should successfully place an order end-to-end","invocations":1,"location":null,"numPassingAsserts":0,"retryReasons":[],"status":"failed","title":"should successfully place an order end-to-end"},{"ancestorTitles":["PlaceOrderWorkflow","Payment Failure with Compensation"],"duration":0,"failureDetails":[{}],"failureMessages":["Error: Failed to start ephemeral server: Temp download file at /var/folders/by/kddhf0g569g47k30d8wjkttngt9np1/T/temporal-sdk-typescript-1.14.1.downloading not complete after 20 seconds. Make sure another download isn't running for too long and delete the temp file."],"fullName":"PlaceOrderWorkflow Payment Failure with Compensation should rollback on payment failure","invocations":1,"location":null,"numPassingAsserts":0,"retryReasons":[],"status":"failed","title":"should rollback on payment failure"},{"ancestorTitles":["PlaceOrderWorkflow","Payment Failure with Compensation"],"duration":0,"failureDetails":[{}],"failureMessages":["Error: Failed to start ephemeral server: Temp download file at /var/folders/by/kddhf0g569g47k30d8wjkttngt9np1/T/temporal-sdk-typescript-1.14.1.downloading not complete after 20 seconds. Make sure another download isn't running for too long and delete the temp file."],"fullName":"PlaceOrderWorkflow Payment Failure with Compensation should refund payment on order creation failure","invocations":1,"location":null,"numPassingAsserts":0,"retryReasons":[],"status":"failed","title":"should refund payment on order creation failure"},{"ancestorTitles":["PlaceOrderWorkflow","Inventory Check Failure"],"duration":0,"failureDetails":[{}],"failureMessages":["Error: Failed to start ephemeral server: Temp download file at /var/folders/by/kddhf0g569g47k30d8wjkttngt9np1/T/temporal-sdk-typescript-1.14.1.downloading not complete after 20 seconds. Make sure another download isn't running for too long and delete the temp file."],"fullName":"PlaceOrderWorkflow Inventory Check Failure should fail early if items not available","invocations":1,"location":null,"numPassingAsserts":0,"retryReasons":[],"status":"failed","title":"should fail early if items not available"},{"ancestorTitles":["PlaceOrderWorkflow","Cart Validation"],"duration":0,"failureDetails":[{}],"failureMessages":["Error: Failed to start ephemeral server: Temp download file at /var/folders/by/kddhf0g569g47k30d8wjkttngt9np1/T/temporal-sdk-typescript-1.14.1.downloading not complete after 20 seconds. Make sure another download isn't running for too long and delete the temp file."],"fullName":"PlaceOrderWorkflow Cart Validation should reject invalid cart","invocations":1,"location":null,"numPassingAsserts":0,"retryReasons":[],"status":"failed","title":"should reject invalid cart"},{"ancestorTitles":["PlaceOrderWorkflow","Notification Handling"],"duration":0,"failureDetails":[{}],"failureMessages":["Error: Failed to start ephemeral server: Temp download file at /var/folders/by/kddhf0g569g47k30d8wjkttngt9np1/T/temporal-sdk-typescript-1.14.1.downloading not complete after 20 seconds. Make sure another download isn't running for too long and delete the temp file."],"fullName":"PlaceOrderWorkflow Notification Handling should notify both restaurant and customer on success","invocations":1,"location":null,"numPassingAsserts":0,"retryReasons":[],"status":"failed","title":"should notify both restaurant and customer on success"},{"ancestorTitles":["PlaceOrderWorkflow","Notification Handling"],"duration":0,"failureDetails":[{}],"failureMessages":["Error: Failed to start ephemeral server: Temp download file at /var/folders/by/kddhf0g569g47k30d8wjkttngt9np1/T/temporal-sdk-typescript-1.14.1.downloading not complete after 20 seconds. Make sure another download isn't running for too long and delete the temp file."],"fullName":"PlaceOrderWorkflow Notification Handling should still complete order even if notification fails","invocations":1,"location":null,"numPassingAsserts":0,"retryReasons":[],"status":"failed","title":"should still complete order even if notification fails"},{"ancestorTitles":["PlaceOrderWorkflow","Saga Pattern Validation"],"duration":1,"failureDetails":[{}],"failureMessages":["Error: Failed to start ephemeral server: Temp download file at /var/folders/by/kddhf0g569g47k30d8wjkttngt9np1/T/temporal-sdk-typescript-1.14.1.downloading not complete after 20 seconds. Make sure another download isn't running for too long and delete the temp file."],"fullName":"PlaceOrderWorkflow Saga Pattern Validation should execute compensation in reverse order","invocations":1,"location":null,"numPassingAsserts":0,"retryReasons":[],"status":"failed","title":"should execute compensation in reverse order"},{"ancestorTitles":["PlaceOrderWorkflow","Timeout Scenarios"],"duration":0,"failureDetails":[{}],"failureMessages":["Error: Failed to start ephemeral server: Temp download file at /var/folders/by/kddhf0g569g47k30d8wjkttngt9np1/T/temporal-sdk-typescript-1.14.1.downloading not complete after 20 seconds. Make sure another download isn't running for too long and delete the temp file."],"fullName":"PlaceOrderWorkflow Timeout Scenarios should timeout on slow payment processing","invocations":1,"location":null,"numPassingAsserts":0,"retryReasons":[],"status":"failed","title":"should timeout on slow payment processing"},{"ancestorTitles":["PlaceOrderWorkflow","Idempotency"],"duration":0,"failureDetails":[{}],"failureMessages":["Error: Failed to start ephemeral server: Temp download file at /var/folders/by/kddhf0g569g47k30d8wjkttngt9np1/T/temporal-sdk-typescript-1.14.1.downloading not complete after 20 seconds. Make sure another download isn't running for too long and delete the temp file."],"fullName":"PlaceOrderWorkflow Idempotency should handle duplicate order requests","invocations":1,"location":null,"numPassingAsserts":0,"retryReasons":[],"status":"failed","title":"should handle duplicate order requests"}],"endTime":1771317326743,"message":"  ● PlaceOrderWorkflow › Happy Path › should successfully place an order end-to-end\n\n    Failed to start ephemeral server: Temp download file at /var/folders/by/kddhf0g569g47k30d8wjkttngt9np1/T/temporal-sdk-typescript-1.14.1.downloading not complete after 20 seconds. Make sure another download isn't running for too long and delete the temp file.\n\n\n\n  ● PlaceOrderWorkflow › Payment Failure with Compensation › should rollback on payment failure\n\n    Failed to start ephemeral server: Temp download file at /var/folders/by/kddhf0g569g47k30d8wjkttngt9np1/T/temporal-sdk-typescript-1.14.1.downloading not complete after 20 seconds. Make sure another download isn't running for too long and delete the temp file.\n\n\n\n  ● PlaceOrderWorkflow › Payment Failure with Compensation › should refund payment on order creation failure\n\n    Failed to start ephemeral server: Temp download file at /var/folders/by/kddhf0g569g47k30d8wjkttngt9np1/T/temporal-sdk-typescript-1.14.1.downloading not complete after 20 seconds. Make sure another download isn't running for too long and delete the temp file.\n\n\n\n  ● PlaceOrderWorkflow › Inventory Check Failure › should fail early if items not available\n\n    Failed to start ephemeral server: Temp download file at /var/folders/by/kddhf0g569g47k30d8wjkttngt9np1/T/temporal-sdk-typescript-1.14.1.downloading not complete after 20 seconds. Make sure another download isn't running for too long and delete the temp file.\n\n\n\n  ● PlaceOrderWorkflow › Cart Validation › should reject invalid cart\n\n    Failed to start ephemeral server: Temp download file at /var/folders/by/kddhf0g569g47k30d8wjkttngt9np1/T/temporal-sdk-typescript-1.14.1.downloading not complete after 20 seconds. Make sure another download isn't running for too long and delete the temp file.\n\n\n\n  ● PlaceOrderWorkflow › Notification Handling › should notify both restaurant and customer on success\n\n    Failed to start ephemeral server: Temp download file at /var/folders/by/kddhf0g569g47k30d8wjkttngt9np1/T/temporal-sdk-typescript-1.14.1.downloading not complete after 20 seconds. Make sure another download isn't running for too long and delete the temp file.\n\n\n\n  ● PlaceOrderWorkflow › Notification Handling › should still complete order even if notification fails\n\n    Failed to start ephemeral server: Temp download file at /var/folders/by/kddhf0g569g47k30d8wjkttngt9np1/T/temporal-sdk-typescript-1.14.1.downloading not complete after 20 seconds. Make sure another download isn't running for too long and delete the temp file.\n\n\n\n  ● PlaceOrderWorkflow › Saga Pattern Validation › should execute compensation in reverse order\n\n    Failed to start ephemeral server: Temp download file at /var/folders/by/kddhf0g569g47k30d8wjkttngt9np1/T/temporal-sdk-typescript-1.14.1.downloading not complete after 20 seconds. Make sure another download isn't running for too long and delete the temp file.\n\n\n\n  ● PlaceOrderWorkflow › Timeout Scenarios › should timeout on slow payment processing\n\n    Failed to start ephemeral server: Temp download file at /var/folders/by/kddhf0g569g47k30d8wjkttngt9np1/T/temporal-sdk-typescript-1.14.1.downloading not complete after 20 seconds. Make sure another download isn't running for too long and delete the temp file.\n\n\n\n  ● PlaceOrderWorkflow › Idempotency › should handle duplicate order requests\n\n    Failed to start ephemeral server: Temp download file at /var/folders/by/kddhf0g569g47k30d8wjkttngt9np1/T/temporal-sdk-typescript-1.14.1.downloading not complete after 20 seconds. Make sure another download isn't running for too long and delete the temp file.\n\n\n","name":"/Users/arpan1.mukherjee/code/FoodBot/packages/workflows/src/__tests__/placeOrder.workflow.test.ts","startTime":1771317304268,"status":"failed","summary":""},{"assertionResults":[{"ancestorTitles":["ProcessPaymentWorkflow","Happy Path"],"duration":7,"failureDetails":[{}],"failureMessages":["Error: Failed to start ephemeral server: Temp download file at /var/folders/by/kddhf0g569g47k30d8wjkttngt9np1/T/temporal-sdk-typescript-1.14.1.downloading not complete after 20 seconds. Make sure another download isn't running for too long and delete the temp file."],"fullName":"ProcessPaymentWorkflow Happy Path should successfully process card payment","invocations":1,"location":null,"numPassingAsserts":0,"retryReasons":[],"status":"failed","title":"should successfully process card payment"},{"ancestorTitles":["ProcessPaymentWorkflow","Happy Path"],"duration":0,"failureDetails":[{}],"failureMessages":["Error: Failed to start ephemeral server: Temp download file at /var/folders/by/kddhf0g569g47k30d8wjkttngt9np1/T/temporal-sdk-typescript-1.14.1.downloading not complete after 20 seconds. Make sure another download isn't running for too long and delete the temp file."],"fullName":"ProcessPaymentWorkflow Happy Path should successfully process UPI payment","invocations":1,"location":null,"numPassingAsserts":0,"retryReasons":[],"status":"failed","title":"should successfully process UPI payment"},{"ancestorTitles":["ProcessPaymentWorkflow","Happy Path"],"duration":1,"failureDetails":[{}],"failureMessages":["Error: Failed to start ephemeral server: Temp download file at /var/folders/by/kddhf0g569g47k30d8wjkttngt9np1/T/temporal-sdk-typescript-1.14.1.downloading not complete after 20 seconds. Make sure another download isn't running for too long and delete the temp file."],"fullName":"ProcessPaymentWorkflow Happy Path should successfully process wallet payment","invocations":1,"location":null,"numPassingAsserts":0,"retryReasons":[],"status":"failed","title":"should successfully process wallet payment"},{"ancestorTitles":["ProcessPaymentWorkflow","Payment Gateway Timeout"],"duration":0,"failureDetails":[{}],"failureMessages":["Error: Failed to start ephemeral server: Temp download file at /var/folders/by/kddhf0g569g47k30d8wjkttngt9np1/T/temporal-sdk-typescript-1.14.1.downloading not complete after 20 seconds. Make sure another download isn't running for too long and delete the temp file."],"fullName":"ProcessPaymentWorkflow Payment Gateway Timeout should timeout and retry on slow gateway response","invocations":1,"location":null,"numPassingAsserts":0,"retryReasons":[],"status":"failed","title":"should timeout and retry on slow gateway response"},{"ancestorTitles":["ProcessPaymentWorkflow","Payment Gateway Timeout"],"duration":0,"failureDetails":[{}],"failureMessages":["Error: Failed to start ephemeral server: Temp download file at /var/folders/by/kddhf0g569g47k30d8wjkttngt9np1/T/temporal-sdk-typescript-1.14.1.downloading not complete after 20 seconds. Make sure another download isn't running for too long and delete the temp file."],"fullName":"ProcessPaymentWorkflow Payment Gateway Timeout should fail after max timeout retries","invocations":1,"location":null,"numPassingAsserts":0,"retryReasons":[],"status":"failed","title":"should fail after max timeout retries"},{"ancestorTitles":["ProcessPaymentWorkflow","Payment Declined"],"duration":0,"failureDetails":[{}],"failureMessages":["Error: Failed to start ephemeral server: Temp download file at /var/folders/by/kddhf0g569g47k30d8wjkttngt9np1/T/temporal-sdk-typescript-1.14.1.downloading not complete after 20 seconds. Make sure another download isn't running for too long and delete the temp file."],"fullName":"ProcessPaymentWorkflow Payment Declined should handle payment declined by bank","invocations":1,"location":null,"numPassingAsserts":0,"retryReasons":[],"status":"failed","title":"should handle payment declined by bank"},{"ancestorTitles":["ProcessPaymentWorkflow","Payment Declined"],"duration":0,"failureDetails":[{}],"failureMessages":["Error: Failed to start ephemeral server: Temp download file at /var/folders/by/kddhf0g569g47k30d8wjkttngt9np1/T/temporal-sdk-typescript-1.14.1.downloading not complete after 20 seconds. Make sure another download isn't running for too long and delete the temp file."],"fullName":"ProcessPaymentWorkflow Payment Declined should handle card declined for fraud suspicion","invocations":1,"location":null,"numPassingAsserts":0,"retryReasons":[],"status":"failed","title":"should handle card declined for fraud suspicion"},{"ancestorTitles":["ProcessPaymentWorkflow","Retry Logic"],"duration":0,"failureDetails":[{}],"failureMessages":["Error: Failed to start ephemeral server: Temp download file at /var/folders/by/kddhf0g569g47k30d8wjkttngt9np1/T/temporal-sdk-typescript-1.14.1.downloading not complete after 20 seconds. Make sure another download isn't running for too long and delete the temp file."],"fullName":"ProcessPaymentWorkflow Retry Logic should retry on transient network errors","invocations":1,"location":null,"numPassingAsserts":0,"retryReasons":[],"status":"failed","title":"should retry on transient network errors"},{"ancestorTitles":["ProcessPaymentWorkflow","Retry Logic"],"duration":1,"failureDetails":[{}],"failureMessages":["Error: Failed to start ephemeral server: Temp download file at /var/folders/by/kddhf0g569g47k30d8wjkttngt9np1/T/temporal-sdk-typescript-1.14.1.downloading not complete after 20 seconds. Make sure another download isn't running for too long and delete the temp file."],"fullName":"ProcessPaymentWorkflow Retry Logic should use exponential backoff for retries","invocations":1,"location":null,"numPassingAsserts":0,"retryReasons":[],"status":"failed","title":"should use exponential backoff for retries"},{"ancestorTitles":["ProcessPaymentWorkflow","Idempotency"],"duration":0,"failureDetails":[{}],"failureMessages":["Error: Failed to start ephemeral server: Temp download file at /var/folders/by/kddhf0g569g47k30d8wjkttngt9np1/T/temporal-sdk-typescript-1.14.1.downloading not complete after 20 seconds. Make sure another download isn't running for too long and delete the temp file."],"fullName":"ProcessPaymentWorkflow Idempotency should prevent duplicate payment for same order","invocations":1,"location":null,"numPassingAsserts":0,"retryReasons":[],"status":"failed","title":"should prevent duplicate payment for same order"},{"ancestorTitles":["ProcessPaymentWorkflow","Idempotency"],"duration":0,"failureDetails":[{}],"failureMessages":["Error: Failed to start ephemeral server: Temp download file at /var/folders/by/kddhf0g569g47k30d8wjkttngt9np1/T/temporal-sdk-typescript-1.14.1.downloading not complete after 20 seconds. Make sure another download isn't running for too long and delete the temp file."],"fullName":"ProcessPaymentWorkflow Idempotency should handle concurrent payment requests for same order","invocations":1,"location":null,"numPassingAsserts":0,"retryReasons":[],"status":"failed","title":"should handle concurrent payment requests for same order"},{"ancestorTitles":["ProcessPaymentWorkflow","3D Secure Authentication"],"duration":0,"failureDetails":[{}],"failureMessages":["Error: Failed to start ephemeral server: Temp download file at /var/folders/by/kddhf0g569g47k30d8wjkttngt9np1/T/temporal-sdk-typescript-1.14.1.downloading not complete after 20 seconds. Make sure another download isn't running for too long and delete the temp file."],"fullName":"ProcessPaymentWorkflow 3D Secure Authentication should handle 3D Secure authentication flow","invocations":1,"location":null,"numPassingAsserts":0,"retryReasons":[],"status":"failed","title":"should handle 3D Secure authentication flow"},{"ancestorTitles":["ProcessPaymentWorkflow","Partial Authorization"],"duration":1,"failureDetails":[{}],"failureMessages":["Error: Failed to start ephemeral server: Temp download file at /var/folders/by/kddhf0g569g47k30d8wjkttngt9np1/T/temporal-sdk-typescript-1.14.1.downloading not complete after 20 seconds. Make sure another download isn't running for too long and delete the temp file."],"fullName":"ProcessPaymentWorkflow Partial Authorization should handle partial payment authorization","invocations":1,"location":null,"numPassingAsserts":0,"retryReasons":[],"status":"failed","title":"should handle partial payment authorization"},{"ancestorTitles":["ProcessPaymentWorkflow","Error Scenarios"],"duration":0,"failureDetails":[{}],"failureMessages":["Error: Failed to start ephemeral server: Temp download file at /var/folders/by/kddhf0g569g47k30d8wjkttngt9np1/T/temporal-sdk-typescript-1.14.1.downloading not complete after 20 seconds. Make sure another download isn't running for too long and delete the temp file."],"fullName":"ProcessPaymentWorkflow Error Scenarios should handle invalid payment details","invocations":1,"location":null,"numPassingAsserts":0,"retryReasons":[],"status":"failed","title":"should handle invalid payment details"},{"ancestorTitles":["ProcessPaymentWorkflow","Error Scenarios"],"duration":0,"failureDetails":[{}],"failureMessages":["Error: Failed to start ephemeral server: Temp download file at /var/folders/by/kddhf0g569g47k30d8wjkttngt9np1/T/temporal-sdk-typescript-1.14.1.downloading not complete after 20 seconds. Make sure another download isn't running for too long and delete the temp file."],"fullName":"ProcessPaymentWorkflow Error Scenarios should handle database save failure","invocations":1,"location":null,"numPassingAsserts":0,"retryReasons":[],"status":"failed","title":"should handle database save failure"}],"endTime":1771317326745,"message":"  ● ProcessPaymentWorkflow › Happy Path › should successfully process card payment\n\n    Failed to start ephemeral server: Temp download file at /var/folders/by/kddhf0g569g47k30d8wjkttngt9np1/T/temporal-sdk-typescript-1.14.1.downloading not complete after 20 seconds. Make sure another download isn't running for too long and delete the temp file.\n\n\n\n  ● ProcessPaymentWorkflow › Happy Path › should successfully process UPI payment\n\n    Failed to start ephemeral server: Temp download file at /var/folders/by/kddhf0g569g47k30d8wjkttngt9np1/T/temporal-sdk-typescript-1.14.1.downloading not complete after 20 seconds. Make sure another download isn't running for too long and delete the temp file.\n\n\n\n  ● ProcessPaymentWorkflow › Happy Path › should successfully process wallet payment\n\n    Failed to start ephemeral server: Temp download file at /var/folders/by/kddhf0g569g47k30d8wjkttngt9np1/T/temporal-sdk-typescript-1.14.1.downloading not complete after 20 seconds. Make sure another download isn't running for too long and delete the temp file.\n\n\n\n  ● ProcessPaymentWorkflow › Payment Gateway Timeout › should timeout and retry on slow gateway response\n\n    Failed to start ephemeral server: Temp download file at /var/folders/by/kddhf0g569g47k30d8wjkttngt9np1/T/temporal-sdk-typescript-1.14.1.downloading not complete after 20 seconds. Make sure another download isn't running for too long and delete the temp file.\n\n\n\n  ● ProcessPaymentWorkflow › Payment Gateway Timeout › should fail after max timeout retries\n\n    Failed to start ephemeral server: Temp download file at /var/folders/by/kddhf0g569g47k30d8wjkttngt9np1/T/temporal-sdk-typescript-1.14.1.downloading not complete after 20 seconds. Make sure another download isn't running for too long and delete the temp file.\n\n\n\n  ● ProcessPaymentWorkflow › Payment Declined › should handle payment declined by bank\n\n    Failed to start ephemeral server: Temp download file at /var/folders/by/kddhf0g569g47k30d8wjkttngt9np1/T/temporal-sdk-typescript-1.14.1.downloading not complete after 20 seconds. Make sure another download isn't running for too long and delete the temp file.\n\n\n\n  ● ProcessPaymentWorkflow › Payment Declined › should handle card declined for fraud suspicion\n\n    Failed to start ephemeral server: Temp download file at /var/folders/by/kddhf0g569g47k30d8wjkttngt9np1/T/temporal-sdk-typescript-1.14.1.downloading not complete after 20 seconds. Make sure another download isn't running for too long and delete the temp file.\n\n\n\n  ● ProcessPaymentWorkflow › Retry Logic › should retry on transient network errors\n\n    Failed to start ephemeral server: Temp download file at /var/folders/by/kddhf0g569g47k30d8wjkttngt9np1/T/temporal-sdk-typescript-1.14.1.downloading not complete after 20 seconds. Make sure another download isn't running for too long and delete the temp file.\n\n\n\n  ● ProcessPaymentWorkflow › Retry Logic › should use exponential backoff for retries\n\n    Failed to start ephemeral server: Temp download file at /var/folders/by/kddhf0g569g47k30d8wjkttngt9np1/T/temporal-sdk-typescript-1.14.1.downloading not complete after 20 seconds. Make sure another download isn't running for too long and delete the temp file.\n\n\n\n  ● ProcessPaymentWorkflow › Idempotency › should prevent duplicate payment for same order\n\n    Failed to start ephemeral server: Temp download file at /var/folders/by/kddhf0g569g47k30d8wjkttngt9np1/T/temporal-sdk-typescript-1.14.1.downloading not complete after 20 seconds. Make sure another download isn't running for too long and delete the temp file.\n\n\n\n  ● ProcessPaymentWorkflow › Idempotency › should handle concurrent payment requests for same order\n\n    Failed to start ephemeral server: Temp download file at /var/folders/by/kddhf0g569g47k30d8wjkttngt9np1/T/temporal-sdk-typescript-1.14.1.downloading not complete after 20 seconds. Make sure another download isn't running for too long and delete the temp file.\n\n\n\n  ● ProcessPaymentWorkflow › 3D Secure Authentication › should handle 3D Secure authentication flow\n\n    Failed to start ephemeral server: Temp download file at /var/folders/by/kddhf0g569g47k30d8wjkttngt9np1/T/temporal-sdk-typescript-1.14.1.downloading not complete after 20 seconds. Make sure another download isn't running for too long and delete the temp file.\n\n\n\n  ● ProcessPaymentWorkflow › Partial Authorization › should handle partial payment authorization\n\n    Failed to start ephemeral server: Temp download file at /var/folders/by/kddhf0g569g47k30d8wjkttngt9np1/T/temporal-sdk-typescript-1.14.1.downloading not complete after 20 seconds. Make sure another download isn't running for too long and delete the temp file.\n\n\n\n  ● ProcessPaymentWorkflow › Error Scenarios › should handle invalid payment details\n\n    Failed to start ephemeral server: Temp download file at /var/folders/by/kddhf0g569g47k30d8wjkttngt9np1/T/temporal-sdk-typescript-1.14.1.downloading not complete after 20 seconds. Make sure another download isn't running for too long and delete the temp file.\n\n\n\n  ● ProcessPaymentWorkflow › Error Scenarios › should handle database save failure\n\n    Failed to start ephemeral server: Temp download file at /var/folders/by/kddhf0g569g47k30d8wjkttngt9np1/T/temporal-sdk-typescript-1.14.1.downloading not complete after 20 seconds. Make sure another download isn't running for too long and delete the temp file.\n\n\n","name":"/Users/arpan1.mukherjee/code/FoodBot/packages/workflows/src/__tests__/processPayment.workflow.test.ts","startTime":1771317304269,"status":"failed","summary":""},{"assertionResults":[{"ancestorTitles":["SearchRestaurantWorkflow","Happy Path"],"duration":6,"failureDetails":[{}],"failureMessages":["Error: Failed to start ephemeral server: Temp download file at /var/folders/by/kddhf0g569g47k30d8wjkttngt9np1/T/temporal-sdk-typescript-1.14.1.downloading not complete after 20 seconds. Make sure another download isn't running for too long and delete the temp file."],"fullName":"SearchRestaurantWorkflow Happy Path should successfully search restaurants with user context","invocations":1,"location":null,"numPassingAsserts":0,"retryReasons":[],"status":"failed","title":"should successfully search restaurants with user context"},{"ancestorTitles":["SearchRestaurantWorkflow","Happy Path"],"duration":0,"failureDetails":[{}],"failureMessages":["Error: Failed to start ephemeral server: Temp download file at /var/folders/by/kddhf0g569g47k30d8wjkttngt9np1/T/temporal-sdk-typescript-1.14.1.downloading not complete after 20 seconds. Make sure another download isn't running for too long and delete the temp file."],"fullName":"SearchRestaurantWorkflow Happy Path should return cached results on cache hit","invocations":1,"location":null,"numPassingAsserts":0,"retryReasons":[],"status":"failed","title":"should return cached results on cache hit"},{"ancestorTitles":["SearchRestaurantWorkflow","Retry Logic"],"duration":0,"failureDetails":[{}],"failureMessages":["Error: Failed to start ephemeral server: Temp download file at /var/folders/by/kddhf0g569g47k30d8wjkttngt9np1/T/temporal-sdk-typescript-1.14.1.downloading not complete after 20 seconds. Make sure another download isn't running for too long and delete the temp file."],"fullName":"SearchRestaurantWorkflow Retry Logic should retry MCP API on transient failures","invocations":1,"location":null,"numPassingAsserts":0,"retryReasons":[],"status":"failed","title":"should retry MCP API on transient failures"},{"ancestorTitles":["SearchRestaurantWorkflow","Retry Logic"],"duration":1,"failureDetails":[{}],"failureMessages":["Error: Failed to start ephemeral server: Temp download file at /var/folders/by/kddhf0g569g47k30d8wjkttngt9np1/T/temporal-sdk-typescript-1.14.1.downloading not complete after 20 seconds. Make sure another download isn't running for too long and delete the temp file."],"fullName":"SearchRestaurantWorkflow Retry Logic should fail after max retry attempts","invocations":1,"location":null,"numPassingAsserts":0,"retryReasons":[],"status":"failed","title":"should fail after max retry attempts"},{"ancestorTitles":["SearchRestaurantWorkflow","Fallback Strategy"],"duration":0,"failureDetails":[{}],"failureMessages":["Error: Failed to start ephemeral server: Temp download file at /var/folders/by/kddhf0g569g47k30d8wjkttngt9np1/T/temporal-sdk-typescript-1.14.1.downloading not complete after 20 seconds. Make sure another download isn't running for too long and delete the temp file."],"fullName":"SearchRestaurantWorkflow Fallback Strategy should fallback to secondary provider on primary failure","invocations":1,"location":null,"numPassingAsserts":0,"retryReasons":[],"status":"failed","title":"should fallback to secondary provider on primary failure"},{"ancestorTitles":["SearchRestaurantWorkflow","Timeout Handling"],"duration":0,"failureDetails":[{}],"failureMessages":["Error: Failed to start ephemeral server: Temp download file at /var/folders/by/kddhf0g569g47k30d8wjkttngt9np1/T/temporal-sdk-typescript-1.14.1.downloading not complete after 20 seconds. Make sure another download isn't running for too long and delete the temp file."],"fullName":"SearchRestaurantWorkflow Timeout Handling should timeout if activity takes too long","invocations":1,"location":null,"numPassingAsserts":0,"retryReasons":[],"status":"failed","title":"should timeout if activity takes too long"},{"ancestorTitles":["SearchRestaurantWorkflow","Cancellation"],"duration":0,"failureDetails":[{}],"failureMessages":["Error: Failed to start ephemeral server: Temp download file at /var/folders/by/kddhf0g569g47k30d8wjkttngt9np1/T/temporal-sdk-typescript-1.14.1.downloading not complete after 20 seconds. Make sure another download isn't running for too long and delete the temp file."],"fullName":"SearchRestaurantWorkflow Cancellation should handle workflow cancellation gracefully","invocations":1,"location":null,"numPassingAsserts":0,"retryReasons":[],"status":"failed","title":"should handle workflow cancellation gracefully"},{"ancestorTitles":["SearchRestaurantWorkflow","Filter Application"],"duration":0,"failureDetails":[{}],"failureMessages":["Error: Failed to start ephemeral server: Temp download file at /var/folders/by/kddhf0g569g47k30d8wjkttngt9np1/T/temporal-sdk-typescript-1.14.1.downloading not complete after 20 seconds. Make sure another download isn't running for too long and delete the temp file."],"fullName":"SearchRestaurantWorkflow Filter Application should apply cuisine filter correctly","invocations":1,"location":null,"numPassingAsserts":0,"retryReasons":[],"status":"failed","title":"should apply cuisine filter correctly"},{"ancestorTitles":["SearchRestaurantWorkflow","Result Ranking"],"duration":0,"failureDetails":[{}],"failureMessages":["Error: Failed to start ephemeral server: Temp download file at /var/folders/by/kddhf0g569g47k30d8wjkttngt9np1/T/temporal-sdk-typescript-1.14.1.downloading not complete after 20 seconds. Make sure another download isn't running for too long and delete the temp file."],"fullName":"SearchRestaurantWorkflow Result Ranking should rank results based on user preferences","invocations":1,"location":null,"numPassingAsserts":0,"retryReasons":[],"status":"failed","title":"should rank results based on user preferences"},{"ancestorTitles":["SearchRestaurantWorkflow","Error Scenarios"],"duration":0,"failureDetails":[{}],"failureMessages":["Error: Failed to start ephemeral server: Temp download file at /var/folders/by/kddhf0g569g47k30d8wjkttngt9np1/T/temporal-sdk-typescript-1.14.1.downloading not complete after 20 seconds. Make sure another download isn't running for too long and delete the temp file."],"fullName":"SearchRestaurantWorkflow Error Scenarios should handle empty results gracefully","invocations":1,"location":null,"numPassingAsserts":0,"retryReasons":[],"status":"failed","title":"should handle empty results gracefully"},{"ancestorTitles":["SearchRestaurantWorkflow","Error Scenarios"],"duration":0,"failureDetails":[{}],"failureMessages":["Error: Failed to start ephemeral server: Temp download file at /var/folders/by/kddhf0g569g47k30d8wjkttngt9np1/T/temporal-sdk-typescript-1.14.1.downloading not complete after 20 seconds. Make sure another download isn't running for too long and delete the temp file."],"fullName":"SearchRestaurantWorkflow Error Scenarios should handle invalid user context","invocations":1,"location":null,"numPassingAsserts":0,"retryReasons":[],"status":"failed","title":"should handle invalid user context"}],"endTime":1771317326766,"message":"  ● SearchRestaurantWorkflow › Happy Path › should successfully search restaurants with user context\n\n    Failed to start ephemeral server: Temp download file at /var/folders/by/kddhf0g569g47k30d8wjkttngt9np1/T/temporal-sdk-typescript-1.14.1.downloading not complete after 20 seconds. Make sure another download isn't running for too long and delete the temp file.\n\n\n\n  ● SearchRestaurantWorkflow › Happy Path › should return cached results on cache hit\n\n    Failed to start ephemeral server: Temp download file at /var/folders/by/kddhf0g569g47k30d8wjkttngt9np1/T/temporal-sdk-typescript-1.14.1.downloading not complete after 20 seconds. Make sure another download isn't running for too long and delete the temp file.\n\n\n\n  ● SearchRestaurantWorkflow › Retry Logic › should retry MCP API on transient failures\n\n    Failed to start ephemeral server: Temp download file at /var/folders/by/kddhf0g569g47k30d8wjkttngt9np1/T/temporal-sdk-typescript-1.14.1.downloading not complete after 20 seconds. Make sure another download isn't running for too long and delete the temp file.\n\n\n\n  ● SearchRestaurantWorkflow › Retry Logic › should fail after max retry attempts\n\n    Failed to start ephemeral server: Temp download file at /var/folders/by/kddhf0g569g47k30d8wjkttngt9np1/T/temporal-sdk-typescript-1.14.1.downloading not complete after 20 seconds. Make sure another download isn't running for too long and delete the temp file.\n\n\n\n  ● SearchRestaurantWorkflow › Fallback Strategy › should fallback to secondary provider on primary failure\n\n    Failed to start ephemeral server: Temp download file at /var/folders/by/kddhf0g569g47k30d8wjkttngt9np1/T/temporal-sdk-typescript-1.14.1.downloading not complete after 20 seconds. Make sure another download isn't running for too long and delete the temp file.\n\n\n\n  ● SearchRestaurantWorkflow › Timeout Handling › should timeout if activity takes too long\n\n    Failed to start ephemeral server: Temp download file at /var/folders/by/kddhf0g569g47k30d8wjkttngt9np1/T/temporal-sdk-typescript-1.14.1.downloading not complete after 20 seconds. Make sure another download isn't running for too long and delete the temp file.\n\n\n\n  ● SearchRestaurantWorkflow › Cancellation › should handle workflow cancellation gracefully\n\n    Failed to start ephemeral server: Temp download file at /var/folders/by/kddhf0g569g47k30d8wjkttngt9np1/T/temporal-sdk-typescript-1.14.1.downloading not complete after 20 seconds. Make sure another download isn't running for too long and delete the temp file.\n\n\n\n  ● SearchRestaurantWorkflow › Filter Application › should apply cuisine filter correctly\n\n    Failed to start ephemeral server: Temp download file at /var/folders/by/kddhf0g569g47k30d8wjkttngt9np1/T/temporal-sdk-typescript-1.14.1.downloading not complete after 20 seconds. Make sure another download isn't running for too long and delete the temp file.\n\n\n\n  ● SearchRestaurantWorkflow › Result Ranking › should rank results based on user preferences\n\n    Failed to start ephemeral server: Temp download file at /var/folders/by/kddhf0g569g47k30d8wjkttngt9np1/T/temporal-sdk-typescript-1.14.1.downloading not complete after 20 seconds. Make sure another download isn't running for too long and delete the temp file.\n\n\n\n  ● SearchRestaurantWorkflow › Error Scenarios › should handle empty results gracefully\n\n    Failed to start ephemeral server: Temp download file at /var/folders/by/kddhf0g569g47k30d8wjkttngt9np1/T/temporal-sdk-typescript-1.14.1.downloading not complete after 20 seconds. Make sure another download isn't running for too long and delete the temp file.\n\n\n\n  ● SearchRestaurantWorkflow › Error Scenarios › should handle invalid user context\n\n    Failed to start ephemeral server: Temp download file at /var/folders/by/kddhf0g569g47k30d8wjkttngt9np1/T/temporal-sdk-typescript-1.14.1.downloading not complete after 20 seconds. Make sure another download isn't running for too long and delete the temp file.\n\n\n","name":"/Users/arpan1.mukherjee/code/FoodBot/packages/workflows/src/__tests__/searchRestaurant.workflow.test.ts","startTime":1771317304268,"status":"failed","summary":""}],"wasInterrupted":false,"coverageMap":{"/Users/arpan1.mukherjee/code/FoodBot/packages/workflows/src/index.ts":{"path":"/Users/arpan1.mukherjee/code/FoodBot/packages/workflows/src/index.ts","statementMap":{"0":{"start":{"line":8,"column":0},"end":{"line":8,"column":28}},"1":{"start":{"line":11,"column":0},"end":{"line":11,"column":43}}},"fnMap":{},"branchMap":{},"s":{"0":0,"1":0},"f":{},"b":{}},"/Users/arpan1.mukherjee/code/FoodBot/packages/workflows/src/workflows/index.ts":{"path":"/Users/arpan1.mukherjee/code/FoodBot/packages/workflows/src/workflows/index.ts","statementMap":{"0":{"start":{"line":7,"column":0},"end":{"line":7,"column":9}},"1":{"start":{"line":7,"column":9},"end":{"line":7,"column":71}},"2":{"start":{"line":8,"column":0},"end":{"line":8,"column":9}},"3":{"start":{"line":8,"column":9},"end":{"line":8,"column":59}},"4":{"start":{"line":9,"column":0},"end":{"line":9,"column":9}},"5":{"start":{"line":9,"column":9},"end":{"line":9,"column":67}}},"fnMap":{"0":{"name":"(anonymous_0)","decl":{"start":{"line":7,"column":9},"end":{"line":7,"column":33}},"loc":{"start":{"line":7,"column":9},"end":{"line":7,"column":71}}},"1":{"name":"(anonymous_1)","decl":{"start":{"line":8,"column":9},"end":{"line":8,"column":27}},"loc":{"start":{"line":8,"column":9},"end":{"line":8,"column":59}}},"2":{"name":"(anonymous_2)","decl":{"start":{"line":9,"column":9},"end":{"line":9,"column":31}},"loc":{"start":{"line":9,"column":9},"end":{"line":9,"column":67}}}},"branchMap":{},"s":{"0":0,"1":0,"2":0,"3":0,"4":0,"5":0},"f":{"0":0,"1":0,"2":0},"b":{}},"/Users/arpan1.mukherjee/code/FoodBot/packages/workflows/src/workflows/searchRestaurant.workflow.ts":{"path":"/Users/arpan1.mukherjee/code/FoodBot/packages/workflows/src/workflows/searchRestaurant.workflow.ts","statementMap":{"0":{"start":{"line":98,"column":0},"end":{"line":98,"column":7}},"1":{"start":{"line":21,"column":0},"end":{"line":21,"column":60}},"2":{"start":{"line":83,"column":4},"end":{"line":91,"column":2}},"3":{"start":{"line":101,"column":2},"end":{"line":101,"column":61}},"4":{"start":{"line":103,"column":2},"end":{"line":171,"column":3}},"5":{"start":{"line":105,"column":4},"end":{"line":105,"column":63}},"6":{"start":{"line":106,"column":24},"end":{"line":106,"column":59}},"7":{"start":{"line":107,"column":4},"end":{"line":107,"column":53}},"8":{"start":{"line":110,"column":21},"end":{"line":110,"column":99}},"9":{"start":{"line":111,"column":4},"end":{"line":111,"column":45}},"10":{"start":{"line":112,"column":26},"end":{"line":112,"column":54}},"11":{"start":{"line":114,"column":4},"end":{"line":117,"column":5}},"12":{"start":{"line":115,"column":6},"end":{"line":115,"column":88}},"13":{"start":{"line":116,"column":6},"end":{"line":116,"column":27}},"14":{"start":{"line":119,"column":4},"end":{"line":119,"column":52}},"15":{"start":{"line":122,"column":25},"end":{"line":126,"column":6}},"16":{"start":{"line":129,"column":4},"end":{"line":135,"column":5}},"17":{"start":{"line":130,"column":6},"end":{"line":130,"column":50}},"18":{"start":{"line":131,"column":6},"end":{"line":131,"column":66}},"19":{"start":{"line":133,"column":6},"end":{"line":133,"column":62}},"20":{"start":{"line":134,"column":6},"end":{"line":134,"column":18}},"21":{"start":{"line":138,"column":4},"end":{"line":141,"column":5}},"22":{"start":{"line":139,"column":6},"end":{"line":139,"column":35}},"23":{"start":{"line":140,"column":6},"end":{"line":140,"column":16}},"24":{"start":{"line":144,"column":20},"end":{"line":144,"column":39}},"25":{"start":{"line":145,"column":4},"end":{"line":145,"column":46}},"26":{"start":{"line":146,"column":28},"end":{"line":146,"column":64}},"27":{"start":{"line":147,"column":4},"end":{"line":147,"column":67}},"28":{"start":{"line":150,"column":4},"end":{"line":150,"column":52}},"29":{"start":{"line":151,"column":26},"end":{"line":151,"column":73}},"30":{"start":{"line":152,"column":4},"end":{"line":152,"column":64}},"31":{"start":{"line":155,"column":4},"end":{"line":155,"column":46}},"32":{"start":{"line":156,"column":4},"end":{"line":156,"column":52}},"33":{"start":{"line":157,"column":4},"end":{"line":161,"column":7}},"34":{"start":{"line":163,"column":4},"end":{"line":165,"column":7}},"35":{"start":{"line":167,"column":4},"end":{"line":167,"column":25}},"36":{"start":{"line":169,"column":4},"end":{"line":169,"column":51}},"37":{"start":{"line":170,"column":4},"end":{"line":170,"column":16}}},"fnMap":{"0":{"name":"searchRestaurantWorkflow","decl":{"start":{"line":98,"column":22},"end":{"line":98,"column":46}},"loc":{"start":{"line":99,"column":30},"end":{"line":172,"column":1}}}},"branchMap":{"0":{"loc":{"start":{"line":110,"column":77},"end":{"line":110,"column":96}},"type":"binary-expr","locations":[{"start":{"line":110,"column":77},"end":{"line":110,"column":90}},{"start":{"line":110,"column":94},"end":{"line":110,"column":96}}]},"1":{"loc":{"start":{"line":114,"column":4},"end":{"line":117,"column":5}},"type":"if","locations":[{"start":{"line":114,"column":4},"end":{"line":117,"column":5}}]},"2":{"loc":{"start":{"line":124,"column":16},"end":{"line":124,"column":63}},"type":"binary-expr","locations":[{"start":{"line":124,"column":16},"end":{"line":124,"column":39}},{"start":{"line":124,"column":43},"end":{"line":124,"column":63}}]},"3":{"loc":{"start":{"line":125,"column":14},"end":{"line":125,"column":43}},"type":"binary-expr","locations":[{"start":{"line":125,"column":14},"end":{"line":125,"column":35}},{"start":{"line":125,"column":39},"end":{"line":125,"column":43}}]},"4":{"loc":{"start":{"line":138,"column":4},"end":{"line":141,"column":5}},"type":"if","locations":[{"start":{"line":138,"column":4},"end":{"line":141,"column":5}}]},"5":{"loc":{"start":{"line":138,"column":8},"end":{"line":138,"column":40}},"type":"binary-expr","locations":[{"start":{"line":138,"column":8},"end":{"line":138,"column":16}},{"start":{"line":138,"column":20},"end":{"line":138,"column":40}}]},"6":{"loc":{"start":{"line":144,"column":20},"end":{"line":144,"column":39}},"type":"binary-expr","locations":[{"start":{"line":144,"column":20},"end":{"line":144,"column":33}},{"start":{"line":144,"column":37},"end":{"line":144,"column":39}}]}},"s":{"0":0,"1":0,"2":0,"3":0,"4":0,"5":0,"6":0,"7":0,"8":0,"9":0,"10":0,"11":0,"12":0,"13":0,"14":0,"15":0,"16":0,"17":0,"18":0,"19":0,"20":0,"21":0,"22":0,"23":0,"24":0,"25":0,"26":0,"27":0,"28":0,"29":0,"30":0,"31":0,"32":0,"33":0,"34":0,"35":0,"36":0,"37":0},"f":{"0":0},"b":{"0":[0,0],"1":[0],"2":[0,0],"3":[0,0],"4":[0],"5":[0,0],"6":[0,0]}},"/Users/arpan1.mukherjee/code/FoodBot/packages/workflows/src/workflows/placeOrder.workflow.ts":{"path":"/Users/arpan1.mukherjee/code/FoodBot/packages/workflows/src/workflows/placeOrder.workflow.ts","statementMap":{"0":{"start":{"line":111,"column":0},"end":{"line":111,"column":7}},"1":{"start":{"line":20,"column":0},"end":{"line":20,"column":60}},"2":{"start":{"line":96,"column":4},"end":{"line":104,"column":2}},"3":{"start":{"line":112,"column":2},"end":{"line":112,"column":55}},"4":{"start":{"line":115,"column":52},"end":{"line":115,"column":54}},"5":{"start":{"line":116,"column":44},"end":{"line":116,"column":48}},"6":{"start":{"line":117,"column":28},"end":{"line":117,"column":32}},"7":{"start":{"line":119,"column":2},"end":{"line":239,"column":3}},"8":{"start":{"line":121,"column":4},"end":{"line":121,"column":67}},"9":{"start":{"line":122,"column":4},"end":{"line":122,"column":36}},"10":{"start":{"line":123,"column":4},"end":{"line":123,"column":44}},"11":{"start":{"line":126,"column":4},"end":{"line":126,"column":48}},"12":{"start":{"line":127,"column":31},"end":{"line":127,"column":64}},"13":{"start":{"line":129,"column":4},"end":{"line":132,"column":5}},"14":{"start":{"line":130,"column":6},"end":{"line":130,"column":43}},"15":{"start":{"line":131,"column":6},"end":{"line":131,"column":45}},"16":{"start":{"line":133,"column":4},"end":{"line":133,"column":39}},"17":{"start":{"line":136,"column":4},"end":{"line":136,"column":70}},"18":{"start":{"line":137,"column":4},"end":{"line":137,"column":56}},"19":{"start":{"line":138,"column":4},"end":{"line":138,"column":44}},"20":{"start":{"line":141,"column":4},"end":{"line":144,"column":7}},"21":{"start":{"line":142,"column":6},"end":{"line":142,"column":57}},"22":{"start":{"line":143,"column":6},"end":{"line":143,"column":45}},"23":{"start":{"line":147,"column":20},"end":{"line":147,"column":84}},"24":{"start":{"line":148,"column":4},"end":{"line":148,"column":48}},"25":{"start":{"line":150,"column":4},"end":{"line":150,"column":72}},"26":{"start":{"line":152,"column":4},"end":{"line":155,"column":5}},"27":{"start":{"line":153,"column":6},"end":{"line":153,"column":74}},"28":{"start":{"line":154,"column":6},"end":{"line":154,"column":71}},"29":{"start":{"line":157,"column":4},"end":{"line":157,"column":87}},"30":{"start":{"line":160,"column":4},"end":{"line":165,"column":7}},"31":{"start":{"line":161,"column":6},"end":{"line":164,"column":7}},"32":{"start":{"line":162,"column":8},"end":{"line":162,"column":92}},"33":{"start":{"line":163,"column":8},"end":{"line":163,"column":53}},"34":{"start":{"line":168,"column":4},"end":{"line":168,"column":44}},"35":{"start":{"line":169,"column":22},"end":{"line":178,"column":6}},"36":{"start":{"line":180,"column":4},"end":{"line":180,"column":41}},"37":{"start":{"line":181,"column":4},"end":{"line":181,"column":66}},"38":{"start":{"line":184,"column":4},"end":{"line":184,"column":51}},"39":{"start":{"line":185,"column":4},"end":{"line":185,"column":59}},"40":{"start":{"line":186,"column":4},"end":{"line":186,"column":55}},"41":{"start":{"line":189,"column":4},"end":{"line":189,"column":38}},"42":{"start":{"line":191,"column":4},"end":{"line":197,"column":5}},"43":{"start":{"line":192,"column":6},"end":{"line":192,"column":39}},"44":{"start":{"line":193,"column":6},"end":{"line":193,"column":38}},"45":{"start":{"line":195,"column":6},"end":{"line":195,"column":58}},"46":{"start":{"line":199,"column":4},"end":{"line":205,"column":5}},"47":{"start":{"line":200,"column":6},"end":{"line":200,"column":57}},"48":{"start":{"line":201,"column":6},"end":{"line":201,"column":36}},"49":{"start":{"line":203,"column":6},"end":{"line":203,"column":56}},"50":{"start":{"line":207,"column":4},"end":{"line":210,"column":7}},"51":{"start":{"line":212,"column":4},"end":{"line":216,"column":6}},"52":{"start":{"line":218,"column":4},"end":{"line":218,"column":56}},"53":{"start":{"line":221,"column":4},"end":{"line":221,"column":73}},"54":{"start":{"line":222,"column":4},"end":{"line":229,"column":5}},"55":{"start":{"line":222,"column":17},"end":{"line":222,"column":41}},"56":{"start":{"line":223,"column":6},"end":{"line":228,"column":7}},"57":{"start":{"line":224,"column":8},"end":{"line":224,"column":33}},"58":{"start":{"line":226,"column":8},"end":{"line":226,"column":73}},"59":{"start":{"line":232,"column":4},"end":{"line":236,"column":5}},"60":{"start":{"line":233,"column":6},"end":{"line":233,"column":57}},"61":{"start":{"line":235,"column":6},"end":{"line":235,"column":73}},"62":{"start":{"line":238,"column":4},"end":{"line":238,"column":16}}},"fnMap":{"0":{"name":"placeOrderWorkflow","decl":{"start":{"line":111,"column":22},"end":{"line":111,"column":40}},"loc":{"start":{"line":111,"column":63},"end":{"line":240,"column":1}}},"1":{"name":"(anonymous_1)","decl":{"start":{"line":141,"column":23},"end":{"line":141,"column":28}},"loc":{"start":{"line":141,"column":34},"end":{"line":144,"column":5}}},"2":{"name":"(anonymous_2)","decl":{"start":{"line":160,"column":23},"end":{"line":160,"column":28}},"loc":{"start":{"line":160,"column":34},"end":{"line":165,"column":5}}}},"branchMap":{"0":{"loc":{"start":{"line":129,"column":4},"end":{"line":132,"column":5}},"type":"if","locations":[{"start":{"line":129,"column":4},"end":{"line":132,"column":5}}]},"1":{"loc":{"start":{"line":152,"column":4},"end":{"line":155,"column":5}},"type":"if","locations":[{"start":{"line":152,"column":4},"end":{"line":155,"column":5}}]},"2":{"loc":{"start":{"line":161,"column":6},"end":{"line":164,"column":7}},"type":"if","locations":[{"start":{"line":161,"column":6},"end":{"line":164,"column":7}}]},"3":{"loc":{"start":{"line":161,"column":10},"end":{"line":161,"column":50}},"type":"binary-expr","locations":[{"start":{"line":161,"column":10},"end":{"line":161,"column":23}},{"start":{"line":161,"column":27},"end":{"line":161,"column":50}}]}},"s":{"0":0,"1":0,"2":0,"3":0,"4":0,"5":0,"6":0,"7":0,"8":0,"9":0,"10":0,"11":0,"12":0,"13":0,"14":0,"15":0,"16":0,"17":0,"18":0,"19":0,"20":0,"21":0,"22":0,"23":0,"24":0,"25":0,"26":0,"27":0,"28":0,"29":0,"30":0,"31":0,"32":0,"33":0,"34":0,"35":0,"36":0,"37":0,"38":0,"39":0,"40":0,"41":0,"42":0,"43":0,"44":0,"45":0,"46":0,"47":0,"48":0,"49":0,"50":0,"51":0,"52":0,"53":0,"54":0,"55":0,"56":0,"57":0,"58":0,"59":0,"60":0,"61":0,"62":0},"f":{"0":0,"1":0,"2":0},"b":{"0":[0],"1":[0],"2":[0],"3":[0,0]}},"/Users/arpan1.mukherjee/code/FoodBot/packages/workflows/src/workflows/processPayment.workflow.ts":{"path":"/Users/arpan1.mukherjee/code/FoodBot/packages/workflows/src/workflows/processPayment.workflow.ts","statementMap":{"0":{"start":{"line":90,"column":0},"end":{"line":90,"column":7}},"1":{"start":{"line":23,"column":0},"end":{"line":23,"column":60}},"2":{"start":{"line":64,"column":19},"end":{"line":72,"column":2}},"3":{"start":{"line":75,"column":31},"end":{"line":83,"column":2}},"4":{"start":{"line":93,"column":2},"end":{"line":93,"column":62}},"5":{"start":{"line":95,"column":52},"end":{"line":95,"column":57}},"6":{"start":{"line":97,"column":2},"end":{"line":273,"column":3}},"7":{"start":{"line":99,"column":4},"end":{"line":99,"column":59}},"8":{"start":{"line":100,"column":28},"end":{"line":100,"column":82}},"9":{"start":{"line":102,"column":4},"end":{"line":111,"column":5}},"10":{"start":{"line":103,"column":6},"end":{"line":105,"column":9}},"11":{"start":{"line":106,"column":6},"end":{"line":110,"column":8}},"12":{"start":{"line":114,"column":4},"end":{"line":114,"column":78}},"13":{"start":{"line":115,"column":4},"end":{"line":117,"column":5}},"14":{"start":{"line":116,"column":6},"end":{"line":116,"column":40}},"15":{"start":{"line":120,"column":4},"end":{"line":120,"column":46}},"16":{"start":{"line":121,"column":26},"end":{"line":128,"column":6}},"17":{"start":{"line":130,"column":24},"end":{"line":130,"column":82}},"18":{"start":{"line":131,"column":4},"end":{"line":131,"column":68}},"19":{"start":{"line":134,"column":4},"end":{"line":134,"column":75}},"20":{"start":{"line":137,"column":4},"end":{"line":154,"column":5}},"21":{"start":{"line":138,"column":6},"end":{"line":138,"column":86}},"22":{"start":{"line":139,"column":6},"end":{"line":142,"column":9}},"23":{"start":{"line":144,"column":6},"end":{"line":144,"column":72}},"24":{"start":{"line":147,"column":6},"end":{"line":151,"column":9}},"25":{"start":{"line":153,"column":6},"end":{"line":153,"column":18}},"26":{"start":{"line":157,"column":4},"end":{"line":179,"column":5}},"27":{"start":{"line":158,"column":6},"end":{"line":158,"column":88}},"28":{"start":{"line":161,"column":6},"end":{"line":166,"column":9}},"29":{"start":{"line":169,"column":6},"end":{"line":169,"column":45}},"30":{"start":{"line":170,"column":6},"end":{"line":176,"column":9}},"31":{"start":{"line":178,"column":6},"end":{"line":178,"column":81}},"32":{"start":{"line":182,"column":4},"end":{"line":218,"column":5}},"33":{"start":{"line":183,"column":6},"end":{"line":183,"column":76}},"34":{"start":{"line":186,"column":6},"end":{"line":191,"column":9}},"35":{"start":{"line":194,"column":6},"end":{"line":208,"column":7}},"36":{"start":{"line":198,"column":8},"end":{"line":198,"column":57}},"37":{"start":{"line":199,"column":8},"end":{"line":207,"column":9}},"38":{"start":{"line":200,"column":10},"end":{"line":204,"column":12}},"39":{"start":{"line":206,"column":10},"end":{"line":206,"column":72}},"40":{"start":{"line":211,"column":6},"end":{"line":215,"column":7}},"41":{"start":{"line":212,"column":8},"end":{"line":212,"column":67}},"42":{"start":{"line":214,"column":8},"end":{"line":214,"column":83}},"43":{"start":{"line":217,"column":6},"end":{"line":217,"column":71}},"44":{"start":{"line":221,"column":4},"end":{"line":236,"column":5}},"45":{"start":{"line":222,"column":6},"end":{"line":225,"column":9}},"46":{"start":{"line":227,"column":6},"end":{"line":235,"column":7}},"47":{"start":{"line":228,"column":8},"end":{"line":228,"column":49}},"48":{"start":{"line":229,"column":8},"end":{"line":233,"column":11}},"49":{"start":{"line":234,"column":8},"end":{"line":234,"column":55}},"50":{"start":{"line":239,"column":4},"end":{"line":239,"column":75}},"51":{"start":{"line":240,"column":4},"end":{"line":246,"column":7}},"52":{"start":{"line":249,"column":4},"end":{"line":249,"column":57}},"53":{"start":{"line":250,"column":4},"end":{"line":255,"column":5}},"54":{"start":{"line":251,"column":6},"end":{"line":251,"column":66}},"55":{"start":{"line":253,"column":6},"end":{"line":253,"column":81}},"56":{"start":{"line":257,"column":4},"end":{"line":259,"column":7}},"57":{"start":{"line":261,"column":4},"end":{"line":261,"column":25}},"58":{"start":{"line":263,"column":4},"end":{"line":263,"column":63}},"59":{"start":{"line":266,"column":4},"end":{"line":270,"column":5}},"60":{"start":{"line":267,"column":6},"end":{"line":267,"column":65}},"61":{"start":{"line":269,"column":6},"end":{"line":269,"column":62}},"62":{"start":{"line":272,"column":4},"end":{"line":272,"column":16}}},"fnMap":{"0":{"name":"processPaymentWorkflow","decl":{"start":{"line":90,"column":22},"end":{"line":90,"column":44}},"loc":{"start":{"line":91,"column":28},"end":{"line":274,"column":1}}}},"branchMap":{"0":{"loc":{"start":{"line":102,"column":4},"end":{"line":111,"column":5}},"type":"if","locations":[{"start":{"line":102,"column":4},"end":{"line":111,"column":5}}]},"1":{"loc":{"start":{"line":102,"column":8},"end":{"line":102,"column":63}},"type":"binary-expr","locations":[{"start":{"line":102,"column":8},"end":{"line":102,"column":23}},{"start":{"line":102,"column":27},"end":{"line":102,"column":63}}]},"2":{"loc":{"start":{"line":115,"column":4},"end":{"line":117,"column":5}},"type":"if","locations":[{"start":{"line":115,"column":4},"end":{"line":117,"column":5}}]},"3":{"loc":{"start":{"line":157,"column":4},"end":{"line":179,"column":5}},"type":"if","locations":[{"start":{"line":157,"column":4},"end":{"line":179,"column":5}}]},"4":{"loc":{"start":{"line":182,"column":4},"end":{"line":218,"column":5}},"type":"if","locations":[{"start":{"line":182,"column":4},"end":{"line":218,"column":5}}]},"5":{"loc":{"start":{"line":194,"column":6},"end":{"line":208,"column":7}},"type":"if","locations":[{"start":{"line":194,"column":6},"end":{"line":208,"column":7}}]},"6":{"loc":{"start":{"line":195,"column":8},"end":{"line":196,"column":66}},"type":"binary-expr","locations":[{"start":{"line":195,"column":8},"end":{"line":195,"column":34}},{"start":{"line":196,"column":8},"end":{"line":196,"column":66}}]},"7":{"loc":{"start":{"line":221,"column":4},"end":{"line":236,"column":5}},"type":"if","locations":[{"start":{"line":221,"column":4},"end":{"line":236,"column":5}}]},"8":{"loc":{"start":{"line":227,"column":6},"end":{"line":235,"column":7}},"type":"if","locations":[{"start":{"line":227,"column":6},"end":{"line":235,"column":7}}]}},"s":{"0":0,"1":0,"2":0,"3":0,"4":0,"5":0,"6":0,"7":0,"8":0,"9":0,"10":0,"11":0,"12":0,"13":0,"14":0,"15":0,"16":0,"17":0,"18":0,"19":0,"20":0,"21":0,"22":0,"23":0,"24":0,"25":0,"26":0,"27":0,"28":0,"29":0,"30":0,"31":0,"32":0,"33":0,"34":0,"35":0,"36":0,"37":0,"38":0,"39":0,"40":0,"41":0,"42":0,"43":0,"44":0,"45":0,"46":0,"47":0,"48":0,"49":0,"50":0,"51":0,"52":0,"53":0,"54":0,"55":0,"56":0,"57":0,"58":0,"59":0,"60":0,"61":0,"62":0},"f":{"0":0},"b":{"0":[0],"1":[0,0],"2":[0],"3":[0],"4":[0],"5":[0],"6":[0,0],"7":[0],"8":[0]}},"/Users/arpan1.mukherjee/code/FoodBot/packages/workflows/src/activities/index.ts":{"path":"/Users/arpan1.mukherjee/code/FoodBot/packages/workflows/src/activities/index.ts","statementMap":{"0":{"start":{"line":79,"column":0},"end":{"line":79,"column":7}},"1":{"start":{"line":95,"column":0},"end":{"line":95,"column":7}},"2":{"start":{"line":100,"column":0},"end":{"line":100,"column":7}},"3":{"start":{"line":105,"column":0},"end":{"line":105,"column":7}},"4":{"start":{"line":113,"column":0},"end":{"line":113,"column":7}},"5":{"start":{"line":118,"column":0},"end":{"line":118,"column":7}},"6":{"start":{"line":127,"column":0},"end":{"line":127,"column":7}},"7":{"start":{"line":132,"column":0},"end":{"line":132,"column":7}},"8":{"start":{"line":136,"column":0},"end":{"line":136,"column":7}},"9":{"start":{"line":140,"column":0},"end":{"line":140,"column":7}},"10":{"start":{"line":148,"column":0},"end":{"line":148,"column":7}},"11":{"start":{"line":156,"column":0},"end":{"line":156,"column":7}},"12":{"start":{"line":161,"column":0},"end":{"line":161,"column":7}},"13":{"start":{"line":166,"column":0},"end":{"line":166,"column":7}},"14":{"start":{"line":170,"column":0},"end":{"line":170,"column":7}},"15":{"start":{"line":182,"column":0},"end":{"line":182,"column":7}},"16":{"start":{"line":191,"column":0},"end":{"line":191,"column":7}},"17":{"start":{"line":200,"column":0},"end":{"line":200,"column":7}},"18":{"start":{"line":209,"column":0},"end":{"line":209,"column":7}},"19":{"start":{"line":213,"column":0},"end":{"line":213,"column":7}},"20":{"start":{"line":217,"column":0},"end":{"line":217,"column":7}},"21":{"start":{"line":229,"column":0},"end":{"line":229,"column":7}},"22":{"start":{"line":242,"column":0},"end":{"line":242,"column":7}},"23":{"start":{"line":250,"column":0},"end":{"line":250,"column":7}},"24":{"start":{"line":255,"column":0},"end":{"line":255,"column":7}},"25":{"start":{"line":263,"column":0},"end":{"line":263,"column":7}},"26":{"start":{"line":272,"column":0},"end":{"line":272,"column":7}},"27":{"start":{"line":276,"column":0},"end":{"line":276,"column":7}},"28":{"start":{"line":280,"column":0},"end":{"line":280,"column":7}},"29":{"start":{"line":284,"column":0},"end":{"line":284,"column":7}},"30":{"start":{"line":292,"column":0},"end":{"line":292,"column":7}},"31":{"start":{"line":302,"column":0},"end":{"line":302,"column":7}},"32":{"start":{"line":307,"column":0},"end":{"line":307,"column":7}},"33":{"start":{"line":317,"column":0},"end":{"line":317,"column":7}},"34":{"start":{"line":322,"column":0},"end":{"line":322,"column":7}},"35":{"start":{"line":327,"column":0},"end":{"line":327,"column":7}},"36":{"start":{"line":335,"column":0},"end":{"line":335,"column":7}},"37":{"start":{"line":340,"column":0},"end":{"line":340,"column":7}},"38":{"start":{"line":345,"column":0},"end":{"line":345,"column":7}},"39":{"start":{"line":349,"column":0},"end":{"line":349,"column":7}},"40":{"start":{"line":353,"column":0},"end":{"line":353,"column":7}},"41":{"start":{"line":361,"column":0},"end":{"line":361,"column":7}},"42":{"start":{"line":366,"column":0},"end":{"line":366,"column":7}},"43":{"start":{"line":371,"column":0},"end":{"line":371,"column":7}},"44":{"start":{"line":81,"column":2},"end":{"line":92,"column":4}},"45":{"start":{"line":97,"column":2},"end":{"line":97,"column":12}},"46":{"start":{"line":102,"column":2},"end":{"line":102,"column":21}},"47":{"start":{"line":110,"column":2},"end":{"line":110,"column":21}},"48":{"start":{"line":115,"column":2},"end":{"line":115,"column":14}},"49":{"start":{"line":120,"column":2},"end":{"line":120,"column":12}},"50":{"start":{"line":129,"column":2},"end":{"line":129,"column":14}},"51":{"start":{"line":150,"column":2},"end":{"line":152,"column":3}},"52":{"start":{"line":151,"column":4},"end":{"line":151,"column":49}},"53":{"start":{"line":153,"column":2},"end":{"line":153,"column":14}},"54":{"start":{"line":158,"column":2},"end":{"line":158,"column":14}},"55":{"start":{"line":163,"column":2},"end":{"line":163,"column":14}},"56":{"start":{"line":175,"column":2},"end":{"line":179,"column":4}},"57":{"start":{"line":184,"column":2},"end":{"line":188,"column":4}},"58":{"start":{"line":193,"column":2},"end":{"line":197,"column":4}},"59":{"start":{"line":202,"column":2},"end":{"line":206,"column":13}},"60":{"start":{"line":219,"column":2},"end":{"line":222,"column":13}},"61":{"start":{"line":231,"column":2},"end":{"line":235,"column":4}},"62":{"start":{"line":244,"column":2},"end":{"line":247,"column":4}},"63":{"start":{"line":252,"column":2},"end":{"line":252,"column":14}},"64":{"start":{"line":257,"column":2},"end":{"line":260,"column":4}},"65":{"start":{"line":265,"column":2},"end":{"line":265,"column":14}},"66":{"start":{"line":294,"column":2},"end":{"line":299,"column":4}},"67":{"start":{"line":304,"column":2},"end":{"line":304,"column":16}},"68":{"start":{"line":309,"column":2},"end":{"line":314,"column":4}},"69":{"start":{"line":319,"column":2},"end":{"line":319,"column":14}},"70":{"start":{"line":324,"column":2},"end":{"line":324,"column":12}},"71":{"start":{"line":337,"column":2},"end":{"line":337,"column":12}},"72":{"start":{"line":342,"column":2},"end":{"line":342,"column":12}},"73":{"start":{"line":363,"column":2},"end":{"line":363,"column":12}},"74":{"start":{"line":368,"column":2},"end":{"line":368,"column":12}},"75":{"start":{"line":373,"column":2},"end":{"line":373,"column":12}}},"fnMap":{"0":{"name":"loadUserContext","decl":{"start":{"line":79,"column":22},"end":{"line":79,"column":37}},"loc":{"start":{"line":79,"column":52},"end":{"line":93,"column":1}}},"1":{"name":"callMCPSearch","decl":{"start":{"line":95,"column":22},"end":{"line":95,"column":35}},"loc":{"start":{"line":95,"column":47},"end":{"line":98,"column":1}}},"2":{"name":"applyFilters","decl":{"start":{"line":100,"column":22},"end":{"line":100,"column":34}},"loc":{"start":{"line":100,"column":74},"end":{"line":103,"column":1}}},"3":{"name":"rankResults","decl":{"start":{"line":105,"column":22},"end":{"line":105,"column":33}},"loc":{"start":{"line":107,"column":22},"end":{"line":111,"column":1}}},"4":{"name":"cacheResults","decl":{"start":{"line":113,"column":22},"end":{"line":113,"column":34}},"loc":{"start":{"line":113,"column":46},"end":{"line":116,"column":1}}},"5":{"name":"searchDishes","decl":{"start":{"line":118,"column":22},"end":{"line":118,"column":34}},"loc":{"start":{"line":118,"column":46},"end":{"line":121,"column":1}}},"6":{"name":"getFromCache","decl":{"start":{"line":127,"column":22},"end":{"line":127,"column":34}},"loc":{"start":{"line":127,"column":46},"end":{"line":130,"column":1}}},"7":{"name":"setInCache","decl":{"start":{"line":132,"column":22},"end":{"line":132,"column":32}},"loc":{"start":{"line":132,"column":70},"end":{"line":134,"column":1}}},"8":{"name":"invalidateCache","decl":{"start":{"line":136,"column":22},"end":{"line":136,"column":37}},"loc":{"start":{"line":136,"column":49},"end":{"line":138,"column":1}}},"9":{"name":"clearCachePattern","decl":{"start":{"line":140,"column":22},"end":{"line":140,"column":39}},"loc":{"start":{"line":140,"column":55},"end":{"line":142,"column":1}}},"10":{"name":"validateCart","decl":{"start":{"line":148,"column":22},"end":{"line":148,"column":34}},"loc":{"start":{"line":148,"column":52},"end":{"line":154,"column":1}}},"11":{"name":"checkInventory","decl":{"start":{"line":156,"column":22},"end":{"line":156,"column":36}},"loc":{"start":{"line":156,"column":54},"end":{"line":159,"column":1}}},"12":{"name":"reserveItems","decl":{"start":{"line":161,"column":22},"end":{"line":161,"column":34}},"loc":{"start":{"line":161,"column":74},"end":{"line":164,"column":1}}},"13":{"name":"releaseItems","decl":{"start":{"line":166,"column":22},"end":{"line":166,"column":34}},"loc":{"start":{"line":166,"column":55},"end":{"line":168,"column":1}}},"14":{"name":"processPayment","decl":{"start":{"line":170,"column":22},"end":{"line":170,"column":36}},"loc":{"start":{"line":172,"column":32},"end":{"line":180,"column":1}}},"15":{"name":"refundPayment","decl":{"start":{"line":182,"column":22},"end":{"line":182,"column":35}},"loc":{"start":{"line":182,"column":53},"end":{"line":189,"column":1}}},"16":{"name":"createOrder","decl":{"start":{"line":191,"column":22},"end":{"line":191,"column":33}},"loc":{"start":{"line":191,"column":48},"end":{"line":198,"column":1}}},"17":{"name":"updateOrderStatus","decl":{"start":{"line":200,"column":22},"end":{"line":200,"column":39}},"loc":{"start":{"line":200,"column":80},"end":{"line":207,"column":1}}},"18":{"name":"notifyRestaurant","decl":{"start":{"line":209,"column":22},"end":{"line":209,"column":38}},"loc":{"start":{"line":209,"column":54},"end":{"line":211,"column":1}}},"19":{"name":"notifyCustomer","decl":{"start":{"line":213,"column":22},"end":{"line":213,"column":36}},"loc":{"start":{"line":213,"column":68},"end":{"line":215,"column":1}}},"20":{"name":"cancelOrder","decl":{"start":{"line":217,"column":22},"end":{"line":217,"column":33}},"loc":{"start":{"line":217,"column":49},"end":{"line":223,"column":1}}},"21":{"name":"callPaymentGateway","decl":{"start":{"line":229,"column":22},"end":{"line":229,"column":40}},"loc":{"start":{"line":229,"column":64},"end":{"line":236,"column":1}}},"22":{"name":"saveToDatabase","decl":{"start":{"line":242,"column":22},"end":{"line":242,"column":36}},"loc":{"start":{"line":242,"column":66},"end":{"line":248,"column":1}}},"23":{"name":"loadFromDatabase","decl":{"start":{"line":250,"column":22},"end":{"line":250,"column":38}},"loc":{"start":{"line":250,"column":69},"end":{"line":253,"column":1}}},"24":{"name":"updateDatabase","decl":{"start":{"line":255,"column":22},"end":{"line":255,"column":36}},"loc":{"start":{"line":255,"column":78},"end":{"line":261,"column":1}}},"25":{"name":"deleteFromDatabase","decl":{"start":{"line":263,"column":22},"end":{"line":263,"column":40}},"loc":{"start":{"line":263,"column":71},"end":{"line":266,"column":1}}},"26":{"name":"sendEmail","decl":{"start":{"line":272,"column":22},"end":{"line":272,"column":31}},"loc":{"start":{"line":272,"column":73},"end":{"line":274,"column":1}}},"27":{"name":"sendSMS","decl":{"start":{"line":276,"column":22},"end":{"line":276,"column":29}},"loc":{"start":{"line":276,"column":60},"end":{"line":278,"column":1}}},"28":{"name":"sendPushNotification","decl":{"start":{"line":280,"column":22},"end":{"line":280,"column":42}},"loc":{"start":{"line":280,"column":60},"end":{"line":282,"column":1}}},"29":{"name":"sendInAppNotification","decl":{"start":{"line":284,"column":22},"end":{"line":284,"column":43}},"loc":{"start":{"line":284,"column":75},"end":{"line":286,"column":1}}},"30":{"name":"extractIntent","decl":{"start":{"line":292,"column":22},"end":{"line":292,"column":35}},"loc":{"start":{"line":292,"column":71},"end":{"line":300,"column":1}}},"31":{"name":"enrichWithContext","decl":{"start":{"line":302,"column":22},"end":{"line":302,"column":39}},"loc":{"start":{"line":302,"column":73},"end":{"line":305,"column":1}}},"32":{"name":"generateWorkflow","decl":{"start":{"line":307,"column":22},"end":{"line":307,"column":38}},"loc":{"start":{"line":307,"column":50},"end":{"line":315,"column":1}}},"33":{"name":"validateWorkflow","decl":{"start":{"line":317,"column":22},"end":{"line":317,"column":38}},"loc":{"start":{"line":317,"column":52},"end":{"line":320,"column":1}}},"34":{"name":"callLLM","decl":{"start":{"line":322,"column":22},"end":{"line":322,"column":29}},"loc":{"start":{"line":322,"column":57},"end":{"line":325,"column":1}}},"35":{"name":"cacheLLMResponse","decl":{"start":{"line":327,"column":22},"end":{"line":327,"column":38}},"loc":{"start":{"line":327,"column":65},"end":{"line":329,"column":1}}},"36":{"name":"loadPreferenceGraph","decl":{"start":{"line":335,"column":22},"end":{"line":335,"column":41}},"loc":{"start":{"line":335,"column":56},"end":{"line":338,"column":1}}},"37":{"name":"generateRecommendations","decl":{"start":{"line":340,"column":22},"end":{"line":340,"column":45}},"loc":{"start":{"line":340,"column":58},"end":{"line":343,"column":1}}},"38":{"name":"updatePreferenceGraph","decl":{"start":{"line":345,"column":22},"end":{"line":345,"column":43}},"loc":{"start":{"line":345,"column":69},"end":{"line":347,"column":1}}},"39":{"name":"decayOldPreferences","decl":{"start":{"line":349,"column":22},"end":{"line":349,"column":41}},"loc":{"start":{"line":349,"column":56},"end":{"line":351,"column":1}}},"40":{"name":"cacheRecommendations","decl":{"start":{"line":353,"column":22},"end":{"line":353,"column":42}},"loc":{"start":{"line":353,"column":81},"end":{"line":355,"column":1}}},"41":{"name":"callExternalAPI","decl":{"start":{"line":361,"column":22},"end":{"line":361,"column":37}},"loc":{"start":{"line":361,"column":62},"end":{"line":364,"column":1}}},"42":{"name":"callDeliveryService","decl":{"start":{"line":366,"column":22},"end":{"line":366,"column":41}},"loc":{"start":{"line":366,"column":57},"end":{"line":369,"column":1}}},"43":{"name":"callInventoryService","decl":{"start":{"line":371,"column":22},"end":{"line":371,"column":42}},"loc":{"start":{"line":371,"column":63},"end":{"line":374,"column":1}}}},"branchMap":{"0":{"loc":{"start":{"line":150,"column":2},"end":{"line":152,"column":3}},"type":"if","locations":[{"start":{"line":150,"column":2},"end":{"line":152,"column":3}}]},"1":{"loc":{"start":{"line":150,"column":6},"end":{"line":150,"column":34}},"type":"binary-expr","locations":[{"start":{"line":150,"column":6},"end":{"line":150,"column":12}},{"start":{"line":150,"column":16},"end":{"line":150,"column":34}}]}},"s":{"0":0,"1":0,"2":0,"3":0,"4":0,"5":0,"6":0,"7":0,"8":0,"9":0,"10":0,"11":0,"12":0,"13":0,"14":0,"15":0,"16":0,"17":0,"18":0,"19":0,"20":0,"21":0,"22":0,"23":0,"24":0,"25":0,"26":0,"27":0,"28":0,"29":0,"30":0,"31":0,"32":0,"33":0,"34":0,"35":0,"36":0,"37":0,"38":0,"39":0,"40":0,"41":0,"42":0,"43":0,"44":0,"45":0,"46":0,"47":0,"48":0,"49":0,"50":0,"51":0,"52":0,"53":0,"54":0,"55":0,"56":0,"57":0,"58":0,"59":0,"60":0,"61":0,"62":0,"63":0,"64":0,"65":0,"66":0,"67":0,"68":0,"69":0,"70":0,"71":0,"72":0,"73":0,"74":0,"75":0},"f":{"0":0,"1":0,"2":0,"3":0,"4":0,"5":0,"6":0,"7":0,"8":0,"9":0,"10":0,"11":0,"12":0,"13":0,"14":0,"15":0,"16":0,"17":0,"18":0,"19":0,"20":0,"21":0,"22":0,"23":0,"24":0,"25":0,"26":0,"27":0,"28":0,"29":0,"30":0,"31":0,"32":0,"33":0,"34":0,"35":0,"36":0,"37":0,"38":0,"39":0,"40":0,"41":0,"42":0,"43":0},"b":{"0":[0],"1":[0,0]}}}}
